@!@!@STARTMSG 2262:0 @!@!@
TLC2 Version 2.18 of Day Month 20?? (rev: 290c673)
@!@!@ENDMSG 2262 @!@!@
@!@!@STARTMSG 2187:0 @!@!@
Running breadth-first search Model-Checking with fp 65 and seed 6335730774802065819 with 1 worker on 8 cores with 3515MB heap and 64MB offheap memory [pid: 29093] (Linux 6.1.0-0.deb11.5-amd64 amd64, Debian 11.0.18 x86_64, MSBDiskFPSet, DiskStateQueue).
@!@!@ENDMSG 2187 @!@!@
@!@!@STARTMSG 2220:0 @!@!@
Starting SANY...
@!@!@ENDMSG 2220 @!@!@
Parsing file /home/tpa/tianpingan/TLA/ElasticStream.tla
Parsing file /home/tpa/tianpingan/TLA/MessagePassing.tla
Parsing file /tmp/tlc-3964283961788177707/Naturals.tla (jar:file:/home/tpa/download/tla2tools.jar!/tla2sany/StandardModules/Naturals.tla)
Parsing file /tmp/tlc-3964283961788177707/FiniteSets.tla (jar:file:/home/tpa/download/tla2tools.jar!/tla2sany/StandardModules/FiniteSets.tla)
Parsing file /tmp/tlc-3964283961788177707/FiniteSetsExt.tla (jar:file:/home/tpa/download/CommunityModules.jar!/FiniteSetsExt.tla)
Parsing file /tmp/tlc-3964283961788177707/Sequences.tla (jar:file:/home/tpa/download/tla2tools.jar!/tla2sany/StandardModules/Sequences.tla)
Parsing file /tmp/tlc-3964283961788177707/SequencesExt.tla (jar:file:/home/tpa/download/CommunityModules.jar!/SequencesExt.tla)
Parsing file /tmp/tlc-3964283961788177707/Integers.tla (jar:file:/home/tpa/download/tla2tools.jar!/tla2sany/StandardModules/Integers.tla)
Parsing file /tmp/tlc-3964283961788177707/TLC.tla (jar:file:/home/tpa/download/tla2tools.jar!/tla2sany/StandardModules/TLC.tla)
Parsing file /tmp/tlc-3964283961788177707/Functions.tla (jar:file:/home/tpa/download/CommunityModules.jar!/Functions.tla)
Parsing file /tmp/tlc-3964283961788177707/Folds.tla (jar:file:/home/tpa/download/CommunityModules.jar!/Folds.tla)
Semantic processing of module Naturals
Semantic processing of module Sequences
Semantic processing of module FiniteSets
Semantic processing of module Folds
Semantic processing of module Functions
Semantic processing of module FiniteSetsExt
Semantic processing of module TLC
Semantic processing of module SequencesExt
Semantic processing of module Integers
Semantic processing of module MessagePassing
Semantic processing of module ElasticStream
@!@!@STARTMSG 2219:0 @!@!@
SANY finished.
@!@!@ENDMSG 2219 @!@!@
@!@!@STARTMSG 2185:0 @!@!@
Starting... (2023-05-22 11:23:25)
@!@!@ENDMSG 2185 @!@!@
@!@!@STARTMSG 2189:0 @!@!@
Computing initial states...
@!@!@ENDMSG 2189 @!@!@
@!@!@STARTMSG 2190:0 @!@!@
Finished computing initial states: 1 distinct state generated at 2023-05-22 11:23:25.
@!@!@ENDMSG 2190 @!@!@
@!@!@STARTMSG 2114:1 @!@!@
Deadlock reached.
@!@!@ENDMSG 2114 @!@!@
@!@!@STARTMSG 2121:1 @!@!@
The behavior up to this point is:
@!@!@ENDMSG 2121 @!@!@
@!@!@STARTMSG 2217:4 @!@!@
1: <Initial predicate>
/\ pm_ranges = <<>>
/\ d_entries = (b1 :> {} @@ b2 :> {} @@ b3 :> {} @@ b4 :> {} @@ b5 :> {} @@ b6 :> {})
/\ pm_version = 0
/\ d_sealed = ( b1 :> FALSE @@
  b2 :> FALSE @@
  b3 :> FALSE @@
  b4 :> FALSE @@
  b5 :> FALSE @@
  b6 :> FALSE )
/\ pm_last_entry = 0
/\ pm_status = Nil
/\ clients = (c1 :> [id |-> c1, epoch |-> Nil, version |-> Nil, status |-> Nil, ranges |-> <<>>, curr_ranges |-> Nil, pending_add_ops |-> {}, lap |-> 0, lac |-> 0, confirmed |-> <<{}>>, fenced |-> {}, seal_lac |-> {}, recovery_ensemble |-> {}, curr_read_entry |-> Nil, read_responses |-> {}, recovery_phase |-> 0, last_recoverable_entry |-> Nil] @@ c2 :> [id |-> c2, epoch |-> Nil, version |-> Nil, status |-> Nil, ranges |-> <<>>, curr_ranges |-> Nil, pending_add_ops |-> {}, lap |-> 0, lac |-> 0, confirmed |-> <<{}>>, fenced |-> {}, seal_lac |-> {}, recovery_ensemble |-> {}, curr_read_entry |-> Nil, read_responses |-> {}, recovery_phase |-> 0, last_recoverable_entry |-> Nil])
/\ pm_epoch = 0
/\ messages = << >>

@!@!@ENDMSG 2217 @!@!@
@!@!@STARTMSG 2217:4 @!@!@
2: <ClientOpenStream line 218, col 5 to line 232, col 61 of module ElasticStream>
/\ pm_ranges = <<[id |-> 1, ensemble |-> {b1, b2, b3}, first_entry_id |-> 1]>>
/\ d_entries = (b1 :> {} @@ b2 :> {} @@ b3 :> {} @@ b4 :> {} @@ b5 :> {} @@ b6 :> {})
/\ pm_version = 1
/\ d_sealed = ( b1 :> FALSE @@
  b2 :> FALSE @@
  b3 :> FALSE @@
  b4 :> FALSE @@
  b5 :> FALSE @@
  b6 :> FALSE )
/\ pm_last_entry = 0
/\ pm_status = STATUS_OPEN
/\ clients = (c1 :> [id |-> c1, epoch |-> 1, version |-> 1, status |-> STATUS_OPEN, ranges |-> <<[id |-> 1, ensemble |-> {b1, b2, b3}, first_entry_id |-> 1]>>, curr_ranges |-> [id |-> 1, ensemble |-> {b1, b2, b3}, first_entry_id |-> 1], pending_add_ops |-> {}, lap |-> 0, lac |-> 0, confirmed |-> <<{}>>, fenced |-> {}, seal_lac |-> {}, recovery_ensemble |-> {}, curr_read_entry |-> Nil, read_responses |-> {}, recovery_phase |-> 0, last_recoverable_entry |-> Nil] @@ c2 :> [id |-> c2, epoch |-> Nil, version |-> Nil, status |-> Nil, ranges |-> <<>>, curr_ranges |-> Nil, pending_add_ops |-> {}, lap |-> 0, lac |-> 0, confirmed |-> <<{}>>, fenced |-> {}, seal_lac |-> {}, recovery_ensemble |-> {}, curr_read_entry |-> Nil, read_responses |-> {}, recovery_phase |-> 0, last_recoverable_entry |-> Nil])
/\ pm_epoch = 1
/\ messages = << >>

@!@!@ENDMSG 2217 @!@!@
@!@!@STARTMSG 2217:4 @!@!@
3: <ClientSendsAddEntryRequests line 272, col 9 to line 278, col 49 of module ElasticStream>
/\ pm_ranges = <<[id |-> 1, ensemble |-> {b1, b2, b3}, first_entry_id |-> 1]>>
/\ d_entries = (b1 :> {} @@ b2 :> {} @@ b3 :> {} @@ b4 :> {} @@ b5 :> {} @@ b6 :> {})
/\ pm_version = 1
/\ d_sealed = ( b1 :> FALSE @@
  b2 :> FALSE @@
  b3 :> FALSE @@
  b4 :> FALSE @@
  b5 :> FALSE @@
  b6 :> FALSE )
/\ pm_last_entry = 0
/\ pm_status = STATUS_OPEN
/\ clients = (c1 :> [id |-> c1, epoch |-> 1, version |-> 1, status |-> STATUS_OPEN, ranges |-> <<[id |-> 1, ensemble |-> {b1, b2, b3}, first_entry_id |-> 1]>>, curr_ranges |-> [id |-> 1, ensemble |-> {b1, b2, b3}, first_entry_id |-> 1], pending_add_ops |-> {[ensemble |-> {b1, b2, b3}, entry |-> [id |-> 1, data |-> 1], range_id |-> 1]}, lap |-> 1, lac |-> 0, confirmed |-> <<{}>>, fenced |-> {}, seal_lac |-> {}, recovery_ensemble |-> {}, curr_read_entry |-> Nil, read_responses |-> {}, recovery_phase |-> 0, last_recoverable_entry |-> Nil] @@ c2 :> [id |-> c2, epoch |-> Nil, version |-> Nil, status |-> Nil, ranges |-> <<>>, curr_ranges |-> Nil, pending_add_ops |-> {}, lap |-> 0, lac |-> 0, confirmed |-> <<{}>>, fenced |-> {}, seal_lac |-> {}, recovery_ensemble |-> {}, curr_read_entry |-> Nil, read_responses |-> {}, recovery_phase |-> 0, last_recoverable_entry |-> Nil])
/\ pm_epoch = 1
/\ messages = ( [ entry |-> [id |-> 1, data |-> 1],
    epoch |-> 1,
    cid |-> c1,
    recovery |-> FALSE,
    type |-> AddEntryRequestMessage,
    datanode |-> b1 ] :>
      -1 @@
  [ entry |-> [id |-> 1, data |-> 1],
    epoch |-> 1,
    cid |-> c1,
    recovery |-> FALSE,
    type |-> AddEntryRequestMessage,
    datanode |-> b2 ] :>
      -1 @@
  [ entry |-> [id |-> 1, data |-> 1],
    epoch |-> 1,
    cid |-> c1,
    recovery |-> FALSE,
    type |-> AddEntryRequestMessage,
    datanode |-> b3 ] :>
      -1 )

@!@!@ENDMSG 2217 @!@!@
@!@!@STARTMSG 2217:4 @!@!@
4: <ClientStartsRecovery line 673, col 5 to line 686, col 62 of module ElasticStream>
/\ pm_ranges = <<[id |-> 1, ensemble |-> {b1, b2, b3}, first_entry_id |-> 1]>>
/\ d_entries = (b1 :> {} @@ b2 :> {} @@ b3 :> {} @@ b4 :> {} @@ b5 :> {} @@ b6 :> {})
/\ pm_version = 2
/\ d_sealed = ( b1 :> FALSE @@
  b2 :> FALSE @@
  b3 :> FALSE @@
  b4 :> FALSE @@
  b5 :> FALSE @@
  b6 :> FALSE )
/\ pm_last_entry = 0
/\ pm_status = STATUS_IN_RECOVERY
/\ clients = (c1 :> [id |-> c1, epoch |-> 1, version |-> 1, status |-> STATUS_OPEN, ranges |-> <<[id |-> 1, ensemble |-> {b1, b2, b3}, first_entry_id |-> 1]>>, curr_ranges |-> [id |-> 1, ensemble |-> {b1, b2, b3}, first_entry_id |-> 1], pending_add_ops |-> {[ensemble |-> {b1, b2, b3}, entry |-> [id |-> 1, data |-> 1], range_id |-> 1]}, lap |-> 1, lac |-> 0, confirmed |-> <<{}>>, fenced |-> {}, seal_lac |-> {}, recovery_ensemble |-> {}, curr_read_entry |-> Nil, read_responses |-> {}, recovery_phase |-> 0, last_recoverable_entry |-> Nil] @@ c2 :> [id |-> c2, epoch |-> Nil, version |-> 2, status |-> STATUS_IN_RECOVERY, ranges |-> <<[id |-> 1, ensemble |-> {b1, b2, b3}, first_entry_id |-> 1]>>, curr_ranges |-> [id |-> 1, ensemble |-> {b1, b2, b3}, first_entry_id |-> 1], pending_add_ops |-> {}, lap |-> 0, lac |-> 0, confirmed |-> <<{}>>, fenced |-> {}, seal_lac |-> {}, recovery_ensemble |-> {b1, b2, b3}, curr_read_entry |-> Nil, read_responses |-> {}, recovery_phase |-> 1, last_recoverable_entry |-> Nil])
/\ pm_epoch = 2
/\ messages = ( [cid |-> c2, type |-> FenceRequestMessage, datanode |-> b1] :> -1 @@
  [cid |-> c2, type |-> FenceRequestMessage, datanode |-> b2] :> -1 @@
  [cid |-> c2, type |-> FenceRequestMessage, datanode |-> b3] :> -1 @@
  [ entry |-> [id |-> 1, data |-> 1],
    epoch |-> 1,
    cid |-> c1,
    recovery |-> FALSE,
    type |-> AddEntryRequestMessage,
    datanode |-> b1 ] :>
      -1 @@
  [ entry |-> [id |-> 1, data |-> 1],
    epoch |-> 1,
    cid |-> c1,
    recovery |-> FALSE,
    type |-> AddEntryRequestMessage,
    datanode |-> b2 ] :>
      -1 @@
  [ entry |-> [id |-> 1, data |-> 1],
    epoch |-> 1,
    cid |-> c1,
    recovery |-> FALSE,
    type |-> AddEntryRequestMessage,
    datanode |-> b3 ] :>
      -1 )

@!@!@ENDMSG 2217 @!@!@
@!@!@STARTMSG 2201:0 @!@!@
The coverage statistics at 2023-05-22 11:23:25
@!@!@ENDMSG 2201 @!@!@
@!@!@STARTMSG 2773:0 @!@!@
<Init line 1042, col 1 to line 1042, col 4 of module ElasticStream>: 3:3
@!@!@ENDMSG 2773 @!@!@
@!@!@STARTMSG 2221:0 @!@!@
  line 1043, col 19 to line 1043, col 36 of module ElasticStream: 3
@!@!@ENDMSG 2221 @!@!@
@!@!@STARTMSG 2775:0 @!@!@
  |line 1043, col 28 to line 1043, col 29 of module ElasticStream: 3:3
@!@!@ENDMSG 2775 @!@!@
@!@!@STARTMSG 2221:0 @!@!@
  line 1044, col 8 to line 1044, col 22 of module ElasticStream: 3
@!@!@ENDMSG 2221 @!@!@
@!@!@STARTMSG 2221:0 @!@!@
  line 1047, col 8 to line 1047, col 23 of module ElasticStream: 3
@!@!@ENDMSG 2221 @!@!@
@!@!@STARTMSG 2775:0 @!@!@
  line 1049, col 19 to line 1049, col 45 of module ElasticStream: 3:18
@!@!@ENDMSG 2775 @!@!@
@!@!@STARTMSG 2221:0 @!@!@
  |line 1049, col 26 to line 1049, col 34 of module ElasticStream: 3
@!@!@ENDMSG 2221 @!@!@
@!@!@STARTMSG 2775:0 @!@!@
  line 1050, col 20 to line 1050, col 43 of module ElasticStream: 3:18
@!@!@ENDMSG 2775 @!@!@
@!@!@STARTMSG 2221:0 @!@!@
  |line 1050, col 27 to line 1050, col 35 of module ElasticStream: 3
@!@!@ENDMSG 2221 @!@!@
@!@!@STARTMSG 2221:0 @!@!@
  line 1052, col 8 to line 1052, col 54 of module ElasticStream: 3
@!@!@ENDMSG 2221 @!@!@
@!@!@STARTMSG 2775:0 @!@!@
  |line 1052, col 18 to line 1052, col 54 of module ElasticStream: 3:6
@!@!@ENDMSG 2775 @!@!@
@!@!@STARTMSG 2221:0 @!@!@
  ||line 1052, col 27 to line 1052, col 33 of module ElasticStream: 3
@!@!@ENDMSG 2221 @!@!@
@!@!@STARTMSG 2772:0 @!@!@
<ClientOpenStream line 217, col 1 to line 217, col 21 of module ElasticStream>: 2:4
@!@!@ENDMSG 2772 @!@!@
@!@!@STARTMSG 2221:0 @!@!@
  line 218, col 8 to line 218, col 22 of module ElasticStream: 98
@!@!@ENDMSG 2221 @!@!@
@!@!@STARTMSG 2221:0 @!@!@
  |line 218, col 8 to line 218, col 16 of module ElasticStream: 94
@!@!@ENDMSG 2221 @!@!@
@!@!@STARTMSG 2221:0 @!@!@
  |line 218, col 20 to line 218, col 22 of module ElasticStream: 94
@!@!@ENDMSG 2221 @!@!@
@!@!@STARTMSG 2221:0 @!@!@
  line 219, col 8 to line 219, col 33 of module ElasticStream: 8
@!@!@ENDMSG 2221 @!@!@
@!@!@STARTMSG 2221:0 @!@!@
  |line 219, col 8 to line 219, col 27 of module ElasticStream: 4
@!@!@ENDMSG 2221 @!@!@
@!@!@STARTMSG 2221:0 @!@!@
  |line 219, col 31 to line 219, col 33 of module ElasticStream: 4
@!@!@ENDMSG 2221 @!@!@
@!@!@STARTMSG 2221:0 @!@!@
  line 222, col 12 to line 227, col 55 of module ElasticStream: 4
@!@!@ENDMSG 2221 @!@!@
@!@!@STARTMSG 2221:0 @!@!@
  |line 222, col 23 to line 227, col 55 of module ElasticStream: 4
@!@!@ENDMSG 2221 @!@!@
@!@!@STARTMSG 2221:0 @!@!@
  ||line 222, col 24 to line 222, col 30 of module ElasticStream: 4
@!@!@ENDMSG 2221 @!@!@
@!@!@STARTMSG 2221:0 @!@!@
  ||line 222, col 39 to line 227, col 54 of module ElasticStream: 4
@!@!@ENDMSG 2221 @!@!@
@!@!@STARTMSG 2221:0 @!@!@
  ||line 223, col 33 to line 227, col 54 of module ElasticStream: 4
@!@!@ENDMSG 2221 @!@!@
@!@!@STARTMSG 2221:0 @!@!@
  |||line 223, col 43 to line 223, col 64 of module ElasticStream: 4
@!@!@ENDMSG 2221 @!@!@
@!@!@STARTMSG 2221:0 @!@!@
  |||line 225, col 54 to line 225, col 77 of module ElasticStream: 4
@!@!@ENDMSG 2221 @!@!@
@!@!@STARTMSG 2221:0 @!@!@
  ||||line 225, col 61 to line 225, col 69 of module ElasticStream: 4
@!@!@ENDMSG 2221 @!@!@
@!@!@STARTMSG 2221:0 @!@!@
  ||||line 225, col 72 to line 225, col 76 of module ElasticStream: 4
@!@!@ENDMSG 2221 @!@!@
@!@!@STARTMSG 2221:0 @!@!@
  |||||line 220, col 21 to line 220, col 88 of module ElasticStream: 4
@!@!@ENDMSG 2221 @!@!@
@!@!@STARTMSG 2221:0 @!@!@
  ||||||line 220, col 45 to line 220, col 65 of module ElasticStream: 4
@!@!@ENDMSG 2221 @!@!@
@!@!@STARTMSG 2221:0 @!@!@
  |||||||line 174, col 5 to line 175, col 69 of module ElasticStream: 4
@!@!@ENDMSG 2221 @!@!@
@!@!@STARTMSG 2221:0 @!@!@
  ||||||||line 175, col 9 to line 175, col 69 of module ElasticStream: 92
@!@!@ENDMSG 2221 @!@!@
@!@!@STARTMSG 2221:0 @!@!@
  |||||||||line 164, col 5 to line 167, col 67 of module ElasticStream: 92
@!@!@ENDMSG 2221 @!@!@
@!@!@STARTMSG 2221:0 @!@!@
  ||||||||||line 164, col 8 to line 164, col 42 of module ElasticStream: 92
@!@!@ENDMSG 2221 @!@!@
@!@!@STARTMSG 2221:0 @!@!@
  ||||||||||line 165, col 8 to line 165, col 49 of module ElasticStream: 4
@!@!@ENDMSG 2221 @!@!@
@!@!@STARTMSG 2221:0 @!@!@
  ||||||||||line 166, col 8 to line 166, col 64 of module ElasticStream: 4
@!@!@ENDMSG 2221 @!@!@
@!@!@STARTMSG 2221:0 @!@!@
  ||||||||||line 167, col 8 to line 167, col 67 of module ElasticStream: 4
@!@!@ENDMSG 2221 @!@!@
@!@!@STARTMSG 2221:0 @!@!@
  |||||||||line 175, col 23 to line 175, col 30 of module ElasticStream: 92
@!@!@ENDMSG 2221 @!@!@
@!@!@STARTMSG 2221:0 @!@!@
  ||||||||line 174, col 25 to line 174, col 40 of module ElasticStream: 4
@!@!@ENDMSG 2221 @!@!@
@!@!@STARTMSG 2221:0 @!@!@
  |||||||line 220, col 60 to line 220, col 61 of module ElasticStream: 4
@!@!@ENDMSG 2221 @!@!@
@!@!@STARTMSG 2221:0 @!@!@
  |||||||line 220, col 63 to line 220, col 64 of module ElasticStream: 4
@!@!@ENDMSG 2221 @!@!@
@!@!@STARTMSG 2221:0 @!@!@
  |||line 226, col 59 to line 226, col 63 of module ElasticStream: 4
@!@!@ENDMSG 2221 @!@!@
@!@!@STARTMSG 2221:0 @!@!@
  ||||line 220, col 21 to line 220, col 88 of module ElasticStream: 4
@!@!@ENDMSG 2221 @!@!@
@!@!@STARTMSG 2221:0 @!@!@
  |||||line 220, col 45 to line 220, col 65 of module ElasticStream: 4
@!@!@ENDMSG 2221 @!@!@
@!@!@STARTMSG 2221:0 @!@!@
  ||||||line 174, col 5 to line 175, col 69 of module ElasticStream: 4
@!@!@ENDMSG 2221 @!@!@
@!@!@STARTMSG 2221:0 @!@!@
  |||||||line 175, col 9 to line 175, col 69 of module ElasticStream: 92
@!@!@ENDMSG 2221 @!@!@
@!@!@STARTMSG 2221:0 @!@!@
  ||||||||line 164, col 5 to line 167, col 67 of module ElasticStream: 92
@!@!@ENDMSG 2221 @!@!@
@!@!@STARTMSG 2221:0 @!@!@
  |||||||||line 164, col 8 to line 164, col 42 of module ElasticStream: 92
@!@!@ENDMSG 2221 @!@!@
@!@!@STARTMSG 2221:0 @!@!@
  |||||||||line 165, col 8 to line 165, col 49 of module ElasticStream: 4
@!@!@ENDMSG 2221 @!@!@
@!@!@STARTMSG 2221:0 @!@!@
  |||||||||line 166, col 8 to line 166, col 64 of module ElasticStream: 4
@!@!@ENDMSG 2221 @!@!@
@!@!@STARTMSG 2221:0 @!@!@
  |||||||||line 167, col 8 to line 167, col 67 of module ElasticStream: 4
@!@!@ENDMSG 2221 @!@!@
@!@!@STARTMSG 2221:0 @!@!@
  ||||||||line 175, col 23 to line 175, col 30 of module ElasticStream: 92
@!@!@ENDMSG 2221 @!@!@
@!@!@STARTMSG 2775:0 @!@!@
  |||||||line 174, col 25 to line 174, col 40 of module ElasticStream: 4:80
@!@!@ENDMSG 2775 @!@!@
@!@!@STARTMSG 2221:0 @!@!@
  ||||||||line 174, col 32 to line 174, col 40 of module ElasticStream: 4
@!@!@ENDMSG 2221 @!@!@
@!@!@STARTMSG 2221:0 @!@!@
  ||||||line 220, col 60 to line 220, col 61 of module ElasticStream: 4
@!@!@ENDMSG 2221 @!@!@
@!@!@STARTMSG 2221:0 @!@!@
  ||||||line 220, col 63 to line 220, col 64 of module ElasticStream: 4
@!@!@ENDMSG 2221 @!@!@
@!@!@STARTMSG 2221:0 @!@!@
  line 228, col 12 to line 228, col 35 of module ElasticStream: 4
@!@!@ENDMSG 2221 @!@!@
@!@!@STARTMSG 2221:0 @!@!@
  line 229, col 12 to line 229, col 26 of module ElasticStream: 4
@!@!@ENDMSG 2221 @!@!@
@!@!@STARTMSG 2221:0 @!@!@
  line 230, col 12 to line 230, col 24 of module ElasticStream: 4
@!@!@ENDMSG 2221 @!@!@
@!@!@STARTMSG 2221:0 @!@!@
  line 231, col 12 to line 231, col 48 of module ElasticStream: 4
@!@!@ENDMSG 2221 @!@!@
@!@!@STARTMSG 2221:0 @!@!@
  |line 231, col 25 to line 231, col 48 of module ElasticStream: 4
@!@!@ENDMSG 2221 @!@!@
@!@!@STARTMSG 2221:0 @!@!@
  ||line 231, col 32 to line 231, col 40 of module ElasticStream: 4
@!@!@ENDMSG 2221 @!@!@
@!@!@STARTMSG 2221:0 @!@!@
  ||line 231, col 43 to line 231, col 47 of module ElasticStream: 4
@!@!@ENDMSG 2221 @!@!@
@!@!@STARTMSG 2221:0 @!@!@
  |||line 220, col 21 to line 220, col 88 of module ElasticStream: 4
@!@!@ENDMSG 2221 @!@!@
@!@!@STARTMSG 2221:0 @!@!@
  ||||line 220, col 45 to line 220, col 65 of module ElasticStream: 4
@!@!@ENDMSG 2221 @!@!@
@!@!@STARTMSG 2221:0 @!@!@
  |||||line 174, col 5 to line 175, col 69 of module ElasticStream: 4
@!@!@ENDMSG 2221 @!@!@
@!@!@STARTMSG 2221:0 @!@!@
  ||||||line 175, col 9 to line 175, col 69 of module ElasticStream: 92
@!@!@ENDMSG 2221 @!@!@
@!@!@STARTMSG 2221:0 @!@!@
  |||||||line 164, col 5 to line 167, col 67 of module ElasticStream: 92
@!@!@ENDMSG 2221 @!@!@
@!@!@STARTMSG 2221:0 @!@!@
  ||||||||line 164, col 8 to line 164, col 42 of module ElasticStream: 92
@!@!@ENDMSG 2221 @!@!@
@!@!@STARTMSG 2221:0 @!@!@
  ||||||||line 165, col 8 to line 165, col 49 of module ElasticStream: 4
@!@!@ENDMSG 2221 @!@!@
@!@!@STARTMSG 2221:0 @!@!@
  ||||||||line 166, col 8 to line 166, col 64 of module ElasticStream: 4
@!@!@ENDMSG 2221 @!@!@
@!@!@STARTMSG 2221:0 @!@!@
  ||||||||line 167, col 8 to line 167, col 67 of module ElasticStream: 4
@!@!@ENDMSG 2221 @!@!@
@!@!@STARTMSG 2221:0 @!@!@
  |||||||line 175, col 23 to line 175, col 30 of module ElasticStream: 92
@!@!@ENDMSG 2221 @!@!@
@!@!@STARTMSG 2775:0 @!@!@
  ||||||line 174, col 25 to line 174, col 40 of module ElasticStream: 4:80
@!@!@ENDMSG 2775 @!@!@
@!@!@STARTMSG 2221:0 @!@!@
  |||||||line 174, col 32 to line 174, col 40 of module ElasticStream: 4
@!@!@ENDMSG 2221 @!@!@
@!@!@STARTMSG 2221:0 @!@!@
  |||||line 220, col 60 to line 220, col 61 of module ElasticStream: 4
@!@!@ENDMSG 2221 @!@!@
@!@!@STARTMSG 2221:0 @!@!@
  |||||line 220, col 63 to line 220, col 64 of module ElasticStream: 4
@!@!@ENDMSG 2221 @!@!@
@!@!@STARTMSG 2221:0 @!@!@
  line 232, col 8 to line 232, col 61 of module ElasticStream: 4
@!@!@ENDMSG 2221 @!@!@
@!@!@STARTMSG 2772:0 @!@!@
<ClientSendsAddEntryRequests line 269, col 1 to line 269, col 32 of module ElasticStream (272 9 278 49)>: 80:160
@!@!@ENDMSG 2772 @!@!@
@!@!@STARTMSG 2221:0 @!@!@
  line 272, col 12 to line 272, col 33 of module ElasticStream: 112
@!@!@ENDMSG 2221 @!@!@
@!@!@STARTMSG 2221:0 @!@!@
  |line 272, col 12 to line 272, col 19 of module ElasticStream: 92
@!@!@ENDMSG 2221 @!@!@
@!@!@STARTMSG 2221:0 @!@!@
  |line 272, col 23 to line 272, col 33 of module ElasticStream: 92
@!@!@ENDMSG 2221 @!@!@
@!@!@STARTMSG 2221:0 @!@!@
  line 273, col 12 to line 273, col 45 of module ElasticStream: 20
@!@!@ENDMSG 2221 @!@!@
@!@!@STARTMSG 2221:0 @!@!@
  |line 273, col 12 to line 273, col 24 of module ElasticStream: 46
@!@!@ENDMSG 2221 @!@!@
@!@!@STARTMSG 2221:0 @!@!@
  |line 273, col 29 to line 273, col 45 of module ElasticStream: 46
@!@!@ENDMSG 2221 @!@!@
@!@!@STARTMSG 2221:0 @!@!@
  line 276, col 16 to line 276, col 38 of module ElasticStream: 20
@!@!@ENDMSG 2221 @!@!@
@!@!@STARTMSG 2221:0 @!@!@
  line 86, col 26 to line 86, col 51 of module MessagePassing: 120
@!@!@ENDMSG 2221 @!@!@
@!@!@STARTMSG 2221:0 @!@!@
  |line 86, col 26 to line 86, col 28 of module MessagePassing: 60
@!@!@ENDMSG 2221 @!@!@
@!@!@STARTMSG 2221:0 @!@!@
  |line 86, col 37 to line 86, col 51 of module MessagePassing: 60
@!@!@ENDMSG 2221 @!@!@
@!@!@STARTMSG 2221:0 @!@!@
  line 86, col 19 to line 86, col 22 of module MessagePassing: 20
@!@!@ENDMSG 2221 @!@!@
@!@!@STARTMSG 2221:0 @!@!@
  line 94, col 20 to line 94, col 55 of module MessagePassing: 160
@!@!@ENDMSG 2221 @!@!@
@!@!@STARTMSG 2221:0 @!@!@
  |line 94, col 32 to line 94, col 55 of module MessagePassing: 160
@!@!@ENDMSG 2221 @!@!@
@!@!@STARTMSG 2221:0 @!@!@
  ||line 94, col 32 to line 94, col 39 of module MessagePassing: 160
@!@!@ENDMSG 2221 @!@!@
@!@!@STARTMSG 2221:0 @!@!@
  ||line 94, col 44 to line 94, col 55 of module MessagePassing: 160
@!@!@ENDMSG 2221 @!@!@
@!@!@STARTMSG 2775:0 @!@!@
  |||line 93, col 37 to line 93, col 74 of module MessagePassing: 160:480
@!@!@ENDMSG 2775 @!@!@
@!@!@STARTMSG 2221:0 @!@!@
  ||||line 93, col 44 to line 93, col 47 of module MessagePassing: 160
@!@!@ENDMSG 2221 @!@!@
@!@!@STARTMSG 2221:0 @!@!@
  line 92, col 27 to line 92, col 45 of module MessagePassing: 20
@!@!@ENDMSG 2221 @!@!@
@!@!@STARTMSG 2775:0 @!@!@
  |line 87, col 35 to line 90, col 35 of module MessagePassing: 20:1620
@!@!@ENDMSG 2775 @!@!@
@!@!@STARTMSG 2221:0 @!@!@
  ||line 88, col 41 to line 89, col 86 of module MessagePassing: 1280
@!@!@ENDMSG 2221 @!@!@
@!@!@STARTMSG 2221:0 @!@!@
  |||line 88, col 44 to line 88, col 77 of module MessagePassing: 1280
@!@!@ENDMSG 2221 @!@!@
@!@!@STARTMSG 2221:0 @!@!@
  |||line 89, col 44 to line 89, col 86 of module MessagePassing: 400
@!@!@ENDMSG 2221 @!@!@
@!@!@STARTMSG 2221:0 @!@!@
  ||||line 89, col 62 to line 89, col 86 of module MessagePassing: 960
@!@!@ENDMSG 2221 @!@!@
@!@!@STARTMSG 2221:0 @!@!@
  |||||line 89, col 76 to line 89, col 86 of module MessagePassing: 2040
@!@!@ENDMSG 2221 @!@!@
@!@!@STARTMSG 2221:0 @!@!@
  |||||line 89, col 72 to line 89, col 72 of module MessagePassing: 960
@!@!@ENDMSG 2221 @!@!@
@!@!@STARTMSG 2221:0 @!@!@
  ||||line 89, col 55 to line 89, col 58 of module MessagePassing: 400
@!@!@ENDMSG 2221 @!@!@
@!@!@STARTMSG 2775:0 @!@!@
  ||line 87, col 43 to line 87, col 66 of module MessagePassing: 20:3960
@!@!@ENDMSG 2775 @!@!@
@!@!@STARTMSG 2775:0 @!@!@
  |||line 87, col 51 to line 87, col 65 of module MessagePassing: 20:360
@!@!@ENDMSG 2775 @!@!@
@!@!@STARTMSG 2221:0 @!@!@
  ||||line 87, col 51 to line 87, col 54 of module MessagePassing: 20
@!@!@ENDMSG 2221 @!@!@
@!@!@STARTMSG 2775:0 @!@!@
  ||||line 87, col 59 to line 87, col 65 of module MessagePassing: 20:200
@!@!@ENDMSG 2775 @!@!@
@!@!@STARTMSG 2221:0 @!@!@
  |||||line 87, col 60 to line 87, col 61 of module MessagePassing: 20
@!@!@ENDMSG 2221 @!@!@
@!@!@STARTMSG 2221:0 @!@!@
  line 258, col 31 to line 261, col 56 of module ElasticStream: 20
@!@!@ENDMSG 2221 @!@!@
@!@!@STARTMSG 2775:0 @!@!@
  |line 249, col 5 to line 255, col 48 of module ElasticStream: 20:2160
@!@!@ENDMSG 2775 @!@!@
@!@!@STARTMSG 2221:0 @!@!@
  ||line 249, col 7 to line 255, col 29 of module ElasticStream: 60
@!@!@ENDMSG 2221 @!@!@
@!@!@STARTMSG 2221:0 @!@!@
  ||line 255, col 39 to line 255, col 46 of module ElasticStream: 20
@!@!@ENDMSG 2221 @!@!@
@!@!@STARTMSG 2221:0 @!@!@
  |line 260, col 51 to line 260, col 72 of module ElasticStream: 20
@!@!@ENDMSG 2221 @!@!@
@!@!@STARTMSG 2221:0 @!@!@
  |line 261, col 51 to line 261, col 55 of module ElasticStream: 20
@!@!@ENDMSG 2221 @!@!@
@!@!@STARTMSG 2221:0 @!@!@
  line 262, col 8 to line 267, col 91 of module ElasticStream: 160
@!@!@ENDMSG 2221 @!@!@
@!@!@STARTMSG 2221:0 @!@!@
  |line 262, col 19 to line 267, col 91 of module ElasticStream: 160
@!@!@ENDMSG 2221 @!@!@
@!@!@STARTMSG 2221:0 @!@!@
  ||line 262, col 20 to line 262, col 26 of module ElasticStream: 160
@!@!@ENDMSG 2221 @!@!@
@!@!@STARTMSG 2221:0 @!@!@
  ||line 262, col 35 to line 267, col 90 of module ElasticStream: 160
@!@!@ENDMSG 2221 @!@!@
@!@!@STARTMSG 2221:0 @!@!@
  ||line 263, col 33 to line 267, col 90 of module ElasticStream: 160
@!@!@ENDMSG 2221 @!@!@
@!@!@STARTMSG 2221:0 @!@!@
  |||line 263, col 34 to line 263, col 34 of module ElasticStream: 160
@!@!@ENDMSG 2221 @!@!@
@!@!@STARTMSG 2221:0 @!@!@
  |||line 263, col 43 to line 263, col 58 of module ElasticStream: 160
@!@!@ENDMSG 2221 @!@!@
@!@!@STARTMSG 2221:0 @!@!@
  |||line 264, col 63 to line 267, col 89 of module ElasticStream: 160
@!@!@ENDMSG 2221 @!@!@
@!@!@STARTMSG 2775:0 @!@!@
  ||||line 265, col 48 to line 267, col 89 of module ElasticStream: 160:168
@!@!@ENDMSG 2775 @!@!@
@!@!@STARTMSG 2221:0 @!@!@
  |||||line 265, col 49 to line 267, col 88 of module ElasticStream: 160
@!@!@ENDMSG 2221 @!@!@
@!@!@STARTMSG 2221:0 @!@!@
  line 277, col 37 to line 277, col 37 of module ElasticStream: 20
@!@!@ENDMSG 2221 @!@!@
@!@!@STARTMSG 2221:0 @!@!@
  line 277, col 40 to line 277, col 81 of module ElasticStream: 20
@!@!@ENDMSG 2221 @!@!@
@!@!@STARTMSG 2221:0 @!@!@
  line 278, col 12 to line 278, col 49 of module ElasticStream: 160
@!@!@ENDMSG 2221 @!@!@
@!@!@STARTMSG 2772:0 @!@!@
<DataNodeSendsAddConfirmedResponse line 309, col 1 to line 309, col 33 of module ElasticStream>: 48:48
@!@!@ENDMSG 2772 @!@!@
@!@!@STARTMSG 2221:0 @!@!@
  line 118, col 8 to line 118, col 30 of module MessagePassing: 153
@!@!@ENDMSG 2221 @!@!@
@!@!@STARTMSG 2221:0 @!@!@
  |line 118, col 8 to line 118, col 15 of module MessagePassing: 129
@!@!@ENDMSG 2221 @!@!@
@!@!@STARTMSG 2221:0 @!@!@
  |line 118, col 19 to line 118, col 30 of module MessagePassing: 129
@!@!@ENDMSG 2221 @!@!@
@!@!@STARTMSG 2221:0 @!@!@
  line 119, col 8 to line 119, col 21 of module MessagePassing: 24
@!@!@ENDMSG 2221 @!@!@
@!@!@STARTMSG 2221:0 @!@!@
  |line 119, col 8 to line 119, col 16 of module MessagePassing: 78
@!@!@ENDMSG 2221 @!@!@
@!@!@STARTMSG 2221:0 @!@!@
  line 311, col 36 to line 311, col 43 of module ElasticStream: 78
@!@!@ENDMSG 2221 @!@!@
@!@!@STARTMSG 2221:0 @!@!@
  line 311, col 46 to line 311, col 48 of module ElasticStream: 129
@!@!@ENDMSG 2221 @!@!@
@!@!@STARTMSG 2221:0 @!@!@
  line 311, col 51 to line 311, col 72 of module ElasticStream: 129
@!@!@ENDMSG 2221 @!@!@
@!@!@STARTMSG 2221:0 @!@!@
  line 134, col 5 to line 139, col 39 of module MessagePassing: 48
@!@!@ENDMSG 2221 @!@!@
@!@!@STARTMSG 2221:0 @!@!@
  |line 134, col 6 to line 139, col 39 of module MessagePassing: 24
@!@!@ENDMSG 2221 @!@!@
@!@!@STARTMSG 2221:0 @!@!@
  ||line 135, col 9 to line 139, col 39 of module MessagePassing: 72
@!@!@ENDMSG 2221 @!@!@
@!@!@STARTMSG 2221:0 @!@!@
  |||line 135, col 12 to line 135, col 60 of module MessagePassing: 72
@!@!@ENDMSG 2221 @!@!@
@!@!@STARTMSG 2221:0 @!@!@
  |||line 136, col 12 to line 136, col 39 of module MessagePassing: 48
@!@!@ENDMSG 2221 @!@!@
@!@!@STARTMSG 2221:0 @!@!@
  |||line 137, col 12 to line 137, col 39 of module MessagePassing: 48
@!@!@ENDMSG 2221 @!@!@
@!@!@STARTMSG 2221:0 @!@!@
  ||line 134, col 18 to line 134, col 32 of module MessagePassing: 24
@!@!@ENDMSG 2221 @!@!@
@!@!@STARTMSG 2221:0 @!@!@
  line 312, col 26 to line 312, col 28 of module ElasticStream: 24
@!@!@ENDMSG 2221 @!@!@
@!@!@STARTMSG 2221:0 @!@!@
  line 313, col 15 to line 313, col 44 of module ElasticStream: 48
@!@!@ENDMSG 2221 @!@!@
@!@!@STARTMSG 2221:0 @!@!@
  |line 313, col 15 to line 313, col 36 of module ElasticStream: 24
@!@!@ENDMSG 2221 @!@!@
@!@!@STARTMSG 2221:0 @!@!@
  |line 313, col 40 to line 313, col 44 of module ElasticStream: 24
@!@!@ENDMSG 2221 @!@!@
@!@!@STARTMSG 2221:0 @!@!@
  line 314, col 15 to line 314, col 33 of module ElasticStream: 24
@!@!@ENDMSG 2221 @!@!@
@!@!@STARTMSG 2221:0 @!@!@
  line 315, col 12 to line 317, col 21 of module ElasticStream: 24
@!@!@ENDMSG 2221 @!@!@
@!@!@STARTMSG 2221:0 @!@!@
  line 318, col 12 to line 318, col 81 of module ElasticStream: 24
@!@!@ENDMSG 2221 @!@!@
@!@!@STARTMSG 2221:0 @!@!@
  |line 318, col 25 to line 318, col 81 of module ElasticStream: 24
@!@!@ENDMSG 2221 @!@!@
@!@!@STARTMSG 2221:0 @!@!@
  ||line 318, col 26 to line 318, col 34 of module ElasticStream: 24
@!@!@ENDMSG 2221 @!@!@
@!@!@STARTMSG 2221:0 @!@!@
  ||line 318, col 43 to line 318, col 80 of module ElasticStream: 24
@!@!@ENDMSG 2221 @!@!@
@!@!@STARTMSG 2221:0 @!@!@
  ||line 318, col 61 to line 318, col 80 of module ElasticStream: 24
@!@!@ENDMSG 2221 @!@!@
@!@!@STARTMSG 2775:0 @!@!@
  |||line 318, col 70 to line 318, col 80 of module ElasticStream: 24:192
@!@!@ENDMSG 2775 @!@!@
@!@!@STARTMSG 2221:0 @!@!@
  ||||line 318, col 71 to line 318, col 79 of module ElasticStream: 24
@!@!@ENDMSG 2221 @!@!@
@!@!@STARTMSG 2221:0 @!@!@
  line 104, col 8 to line 104, col 39 of module MessagePassing: 48
@!@!@ENDMSG 2221 @!@!@
@!@!@STARTMSG 2221:0 @!@!@
  |line 104, col 8 to line 104, col 19 of module MessagePassing: 24
@!@!@ENDMSG 2221 @!@!@
@!@!@STARTMSG 2221:0 @!@!@
  |line 104, col 25 to line 104, col 39 of module MessagePassing: 24
@!@!@ENDMSG 2221 @!@!@
@!@!@STARTMSG 2221:0 @!@!@
  line 105, col 8 to line 105, col 38 of module MessagePassing: 48
@!@!@ENDMSG 2221 @!@!@
@!@!@STARTMSG 2221:0 @!@!@
  |line 105, col 8 to line 105, col 15 of module MessagePassing: 24
@!@!@ENDMSG 2221 @!@!@
@!@!@STARTMSG 2221:0 @!@!@
  |line 105, col 24 to line 105, col 38 of module MessagePassing: 24
@!@!@ENDMSG 2221 @!@!@
@!@!@STARTMSG 2221:0 @!@!@
  line 106, col 8 to line 106, col 34 of module MessagePassing: 24
@!@!@ENDMSG 2221 @!@!@
@!@!@STARTMSG 2221:0 @!@!@
  line 108, col 9 to line 108, col 95 of module MessagePassing: 48
@!@!@ENDMSG 2221 @!@!@
@!@!@STARTMSG 2775:0 @!@!@
  line 107, col 31 to line 107, col 37 of module MessagePassing: 24:72
@!@!@ENDMSG 2775 @!@!@
@!@!@STARTMSG 2221:0 @!@!@
  |line 107, col 32 to line 107, col 33 of module MessagePassing: 24
@!@!@ENDMSG 2221 @!@!@
@!@!@STARTMSG 2221:0 @!@!@
  line 319, col 39 to line 319, col 41 of module ElasticStream: 24
@!@!@ENDMSG 2221 @!@!@
@!@!@STARTMSG 2221:0 @!@!@
  line 319, col 44 to line 319, col 73 of module ElasticStream: 24
@!@!@ENDMSG 2221 @!@!@
@!@!@STARTMSG 2221:0 @!@!@
  line 320, col 12 to line 320, col 53 of module ElasticStream: 48
@!@!@ENDMSG 2221 @!@!@
@!@!@STARTMSG 2221:0 @!@!@
  line 310, col 16 to line 310, col 30 of module ElasticStream: 49
@!@!@ENDMSG 2221 @!@!@
@!@!@STARTMSG 2772:0 @!@!@
<DataNodeSendsAddFencedResponse line 347, col 1 to line 347, col 30 of module ElasticStream>: 0:0
@!@!@ENDMSG 2772 @!@!@
@!@!@STARTMSG 2221:0 @!@!@
  line 118, col 8 to line 118, col 30 of module MessagePassing: 129
@!@!@ENDMSG 2221 @!@!@
@!@!@STARTMSG 2221:0 @!@!@
  line 119, col 8 to line 119, col 21 of module MessagePassing: 78
@!@!@ENDMSG 2221 @!@!@
@!@!@STARTMSG 2221:0 @!@!@
  line 349, col 36 to line 349, col 43 of module ElasticStream: 78
@!@!@ENDMSG 2221 @!@!@
@!@!@STARTMSG 2221:0 @!@!@
  line 349, col 46 to line 349, col 48 of module ElasticStream: 129
@!@!@ENDMSG 2221 @!@!@
@!@!@STARTMSG 2221:0 @!@!@
  line 349, col 51 to line 349, col 72 of module ElasticStream: 129
@!@!@ENDMSG 2221 @!@!@
@!@!@STARTMSG 2221:0 @!@!@
  line 350, col 12 to line 350, col 31 of module ElasticStream: 24
@!@!@ENDMSG 2221 @!@!@
@!@!@STARTMSG 2221:0 @!@!@
  line 351, col 12 to line 351, col 40 of module ElasticStream: 24
@!@!@ENDMSG 2221 @!@!@
@!@!@STARTMSG 2221:0 @!@!@
  line 108, col 12 to line 108, col 95 of module MessagePassing: 0
@!@!@ENDMSG 2221 @!@!@
@!@!@STARTMSG 2221:0 @!@!@
  line 355, col 12 to line 355, col 58 of module ElasticStream: 0
@!@!@ENDMSG 2221 @!@!@
@!@!@STARTMSG 2221:0 @!@!@
  line 348, col 16 to line 348, col 30 of module ElasticStream: 49
@!@!@ENDMSG 2221 @!@!@
@!@!@STARTMSG 2772:0 @!@!@
<ClientReceivesAddConfirmedResponse line 415, col 1 to line 415, col 39 of module ElasticStream>: 0:0
@!@!@ENDMSG 2772 @!@!@
@!@!@STARTMSG 2221:0 @!@!@
  line 416, col 8 to line 416, col 40 of module ElasticStream: 90
@!@!@ENDMSG 2221 @!@!@
@!@!@STARTMSG 2221:0 @!@!@
  line 399, col 12 to line 399, col 25 of module ElasticStream: 129
@!@!@ENDMSG 2221 @!@!@
@!@!@STARTMSG 2221:0 @!@!@
  line 400, col 12 to line 400, col 74 of module ElasticStream: 78
@!@!@ENDMSG 2221 @!@!@
@!@!@STARTMSG 2221:0 @!@!@
  line 408, col 17 to line 411, col 113 of module ElasticStream: 0
@!@!@ENDMSG 2221 @!@!@
@!@!@STARTMSG 2221:0 @!@!@
  line 114, col 8 to line 114, col 51 of module MessagePassing: 0
@!@!@ENDMSG 2221 @!@!@
@!@!@STARTMSG 2221:0 @!@!@
  line 398, col 16 to line 398, col 30 of module ElasticStream: 44
@!@!@ENDMSG 2221 @!@!@
@!@!@STARTMSG 2221:0 @!@!@
  line 417, col 36 to line 417, col 47 of module ElasticStream: 42
@!@!@ENDMSG 2221 @!@!@
@!@!@STARTMSG 2221:0 @!@!@
  line 418, col 8 to line 418, col 45 of module ElasticStream: 0
@!@!@ENDMSG 2221 @!@!@
@!@!@STARTMSG 2772:0 @!@!@
<ClientReceivesAddFencedResponse line 439, col 1 to line 439, col 36 of module ElasticStream>: 0:0
@!@!@ENDMSG 2772 @!@!@
@!@!@STARTMSG 2221:0 @!@!@
  line 440, col 8 to line 440, col 40 of module ElasticStream: 90
@!@!@ENDMSG 2221 @!@!@
@!@!@STARTMSG 2221:0 @!@!@
  line 442, col 12 to line 442, col 24 of module ElasticStream: 129
@!@!@ENDMSG 2221 @!@!@
@!@!@STARTMSG 2221:0 @!@!@
  line 443, col 12 to line 443, col 74 of module ElasticStream: 78
@!@!@ENDMSG 2221 @!@!@
@!@!@STARTMSG 2221:0 @!@!@
  line 448, col 12 to line 448, col 86 of module ElasticStream: 0
@!@!@ENDMSG 2221 @!@!@
@!@!@STARTMSG 2221:0 @!@!@
  line 114, col 8 to line 114, col 51 of module MessagePassing: 0
@!@!@ENDMSG 2221 @!@!@
@!@!@STARTMSG 2221:0 @!@!@
  line 450, col 12 to line 450, col 49 of module ElasticStream: 0
@!@!@ENDMSG 2221 @!@!@
@!@!@STARTMSG 2221:0 @!@!@
  line 441, col 19 to line 441, col 33 of module ElasticStream: 44
@!@!@ENDMSG 2221 @!@!@
@!@!@STARTMSG 2772:0 @!@!@
<ClientChangesEnsemble line 548, col 1 to line 548, col 26 of module ElasticStream>: 38:148
@!@!@ENDMSG 2772 @!@!@
@!@!@STARTMSG 2221:0 @!@!@
  line 549, col 8 to line 549, col 40 of module ElasticStream: 106
@!@!@ENDMSG 2221 @!@!@
@!@!@STARTMSG 2221:0 @!@!@
  |line 549, col 8 to line 549, col 26 of module ElasticStream: 90
@!@!@ENDMSG 2221 @!@!@
@!@!@STARTMSG 2221:0 @!@!@
  |line 549, col 30 to line 549, col 40 of module ElasticStream: 90
@!@!@ENDMSG 2221 @!@!@
@!@!@STARTMSG 2221:0 @!@!@
  line 550, col 8 to line 550, col 30 of module ElasticStream: 60
@!@!@ENDMSG 2221 @!@!@
@!@!@STARTMSG 2221:0 @!@!@
  |line 550, col 8 to line 550, col 16 of module ElasticStream: 44
@!@!@ENDMSG 2221 @!@!@
@!@!@STARTMSG 2221:0 @!@!@
  |line 550, col 20 to line 550, col 30 of module ElasticStream: 44
@!@!@ENDMSG 2221 @!@!@
@!@!@STARTMSG 2221:0 @!@!@
  line 505, col 5 to line 507, col 50 of module ElasticStream: 43
@!@!@ENDMSG 2221 @!@!@
@!@!@STARTMSG 2221:0 @!@!@
  |line 505, col 6 to line 507, col 50 of module ElasticStream: 27
@!@!@ENDMSG 2221 @!@!@
@!@!@STARTMSG 2221:0 @!@!@
  ||line 506, col 9 to line 507, col 50 of module ElasticStream: 25
@!@!@ENDMSG 2221 @!@!@
@!@!@STARTMSG 2221:0 @!@!@
  ||line 505, col 16 to line 505, col 32 of module ElasticStream: 27
@!@!@ENDMSG 2221 @!@!@
@!@!@STARTMSG 2221:0 @!@!@
  line 523, col 11 to line 523, col 19 of module ElasticStream: 36
@!@!@ENDMSG 2221 @!@!@
@!@!@STARTMSG 2221:0 @!@!@
  |line 523, col 12 to line 523, col 19 of module ElasticStream: 20
@!@!@ENDMSG 2221 @!@!@
@!@!@STARTMSG 2221:0 @!@!@
  line 523, col 24 to line 523, col 45 of module ElasticStream: 36
@!@!@ENDMSG 2221 @!@!@
@!@!@STARTMSG 2221:0 @!@!@
  |line 523, col 24 to line 523, col 32 of module ElasticStream: 20
@!@!@ENDMSG 2221 @!@!@
@!@!@STARTMSG 2221:0 @!@!@
  |line 523, col 36 to line 523, col 45 of module ElasticStream: 20
@!@!@ENDMSG 2221 @!@!@
@!@!@STARTMSG 2221:0 @!@!@
  line 43, col 12 to line 43, col 25 of module MessagePassing: 594
@!@!@ENDMSG 2221 @!@!@
@!@!@STARTMSG 2221:0 @!@!@
  |line 43, col 12 to line 43, col 20 of module MessagePassing: 516
@!@!@ENDMSG 2221 @!@!@
@!@!@STARTMSG 2221:0 @!@!@
  |line 43, col 24 to line 43, col 25 of module MessagePassing: 516
@!@!@ENDMSG 2221 @!@!@
@!@!@STARTMSG 2221:0 @!@!@
  line 44, col 12 to line 44, col 34 of module MessagePassing: 392
@!@!@ENDMSG 2221 @!@!@
@!@!@STARTMSG 2221:0 @!@!@
  |line 44, col 12 to line 44, col 23 of module MessagePassing: 314
@!@!@ENDMSG 2221 @!@!@
@!@!@STARTMSG 2221:0 @!@!@
  |line 44, col 27 to line 44, col 34 of module MessagePassing: 314
@!@!@ENDMSG 2221 @!@!@
@!@!@STARTMSG 2221:0 @!@!@
  line 45, col 12 to line 45, col 24 of module MessagePassing: 176
@!@!@ENDMSG 2221 @!@!@
@!@!@STARTMSG 2221:0 @!@!@
  |line 45, col 12 to line 45, col 18 of module MessagePassing: 98
@!@!@ENDMSG 2221 @!@!@
@!@!@STARTMSG 2221:0 @!@!@
  |line 45, col 22 to line 45, col 24 of module MessagePassing: 98
@!@!@ENDMSG 2221 @!@!@
@!@!@STARTMSG 2221:0 @!@!@
  line 46, col 12 to line 46, col 73 of module MessagePassing: 176
@!@!@ENDMSG 2221 @!@!@
@!@!@STARTMSG 2221:0 @!@!@
  |line 46, col 12 to line 46, col 19 of module MessagePassing: 98
@!@!@ENDMSG 2221 @!@!@
@!@!@STARTMSG 2221:0 @!@!@
  |line 46, col 25 to line 46, col 73 of module MessagePassing: 98
@!@!@ENDMSG 2221 @!@!@
@!@!@STARTMSG 2221:0 @!@!@
  line 47, col 12 to line 47, col 34 of module MessagePassing: 176
@!@!@ENDMSG 2221 @!@!@
@!@!@STARTMSG 2221:0 @!@!@
  |line 47, col 12 to line 47, col 23 of module MessagePassing: 98
@!@!@ENDMSG 2221 @!@!@
@!@!@STARTMSG 2221:0 @!@!@
  |line 47, col 27 to line 47, col 34 of module MessagePassing: 98
@!@!@ENDMSG 2221 @!@!@
@!@!@STARTMSG 2221:0 @!@!@
  line 42, col 16 to line 42, col 26 of module MessagePassing: 186
@!@!@ENDMSG 2221 @!@!@
@!@!@STARTMSG 2221:0 @!@!@
  line 526, col 69 to line 526, col 76 of module ElasticStream: 186
@!@!@ENDMSG 2221 @!@!@
@!@!@STARTMSG 2221:0 @!@!@
  line 526, col 79 to line 526, col 82 of module ElasticStream: 98
@!@!@ENDMSG 2221 @!@!@
@!@!@STARTMSG 2221:0 @!@!@
  line 526, col 85 to line 526, col 92 of module ElasticStream: 158
@!@!@ENDMSG 2221 @!@!@
@!@!@STARTMSG 2221:0 @!@!@
  line 526, col 28 to line 526, col 43 of module ElasticStream: 160
@!@!@ENDMSG 2221 @!@!@
@!@!@STARTMSG 2221:0 @!@!@
  line 164, col 8 to line 164, col 42 of module ElasticStream: 4756
@!@!@ENDMSG 2221 @!@!@
@!@!@STARTMSG 2221:0 @!@!@
  |line 164, col 8 to line 164, col 28 of module ElasticStream: 4608
@!@!@ENDMSG 2221 @!@!@
@!@!@STARTMSG 2221:0 @!@!@
  |line 164, col 32 to line 164, col 42 of module ElasticStream: 4608
@!@!@ENDMSG 2221 @!@!@
@!@!@STARTMSG 2221:0 @!@!@
  line 165, col 8 to line 165, col 49 of module ElasticStream: 1588
@!@!@ENDMSG 2221 @!@!@
@!@!@STARTMSG 2221:0 @!@!@
  |line 165, col 8 to line 165, col 44 of module ElasticStream: 1440
@!@!@ENDMSG 2221 @!@!@
@!@!@STARTMSG 2221:0 @!@!@
  |line 165, col 48 to line 165, col 49 of module ElasticStream: 1440
@!@!@ENDMSG 2221 @!@!@
@!@!@STARTMSG 2221:0 @!@!@
  line 166, col 8 to line 166, col 64 of module ElasticStream: 924
@!@!@ENDMSG 2221 @!@!@
@!@!@STARTMSG 2221:0 @!@!@
  |line 166, col 8 to line 166, col 44 of module ElasticStream: 776
@!@!@ENDMSG 2221 @!@!@
@!@!@STARTMSG 2221:0 @!@!@
  |line 166, col 48 to line 166, col 64 of module ElasticStream: 776
@!@!@ENDMSG 2221 @!@!@
@!@!@STARTMSG 2221:0 @!@!@
  line 167, col 36 to line 167, col 67 of module ElasticStream: 316
@!@!@ENDMSG 2221 @!@!@
@!@!@STARTMSG 2221:0 @!@!@
  |line 167, col 36 to line 167, col 43 of module ElasticStream: 168
@!@!@ENDMSG 2221 @!@!@
@!@!@STARTMSG 2221:0 @!@!@
  |line 167, col 47 to line 167, col 67 of module ElasticStream: 168
@!@!@ENDMSG 2221 @!@!@
@!@!@STARTMSG 2221:0 @!@!@
  line 167, col 17 to line 167, col 32 of module ElasticStream: 168
@!@!@ENDMSG 2221 @!@!@
@!@!@STARTMSG 2221:0 @!@!@
  line 171, col 23 to line 171, col 30 of module ElasticStream: 4608
@!@!@ENDMSG 2221 @!@!@
@!@!@STARTMSG 2221:0 @!@!@
  line 170, col 21 to line 170, col 36 of module ElasticStream: 72
@!@!@ENDMSG 2221 @!@!@
@!@!@STARTMSG 2221:0 @!@!@
  line 527, col 30 to line 527, col 70 of module ElasticStream: 72
@!@!@ENDMSG 2221 @!@!@
@!@!@STARTMSG 2221:0 @!@!@
  line 527, col 73 to line 527, col 88 of module ElasticStream: 72
@!@!@ENDMSG 2221 @!@!@
@!@!@STARTMSG 2221:0 @!@!@
  line 534, col 27 to line 534, col 34 of module ElasticStream: 148
@!@!@ENDMSG 2221 @!@!@
@!@!@STARTMSG 2221:0 @!@!@
  line 535, col 29 to line 535, col 65 of module ElasticStream: 0
@!@!@ENDMSG 2221 @!@!@
@!@!@STARTMSG 2221:0 @!@!@
  line 536, col 32 to line 536, col 58 of module ElasticStream: 148
@!@!@ENDMSG 2221 @!@!@
@!@!@STARTMSG 2221:0 @!@!@
  |line 536, col 45 to line 536, col 58 of module ElasticStream: 148
@!@!@ENDMSG 2221 @!@!@
@!@!@STARTMSG 2221:0 @!@!@
  ||line 531, col 40 to line 531, col 85 of module ElasticStream: 148
@!@!@ENDMSG 2221 @!@!@
@!@!@STARTMSG 2221:0 @!@!@
  |||line 512, col 5 to line 518, col 65 of module ElasticStream: 148
@!@!@ENDMSG 2221 @!@!@
@!@!@STARTMSG 2221:0 @!@!@
  ||||line 512, col 8 to line 512, col 52 of module ElasticStream: 148
@!@!@ENDMSG 2221 @!@!@
@!@!@STARTMSG 2775:0 @!@!@
  ||||line 513, col 10 to line 515, col 67 of module ElasticStream: 148:148
@!@!@ENDMSG 2775 @!@!@
@!@!@STARTMSG 2221:0 @!@!@
  |||||line 513, col 21 to line 513, col 35 of module ElasticStream: 148
@!@!@ENDMSG 2221 @!@!@
@!@!@STARTMSG 2221:0 @!@!@
  |||line 531, col 57 to line 531, col 70 of module ElasticStream: 148
@!@!@ENDMSG 2221 @!@!@
@!@!@STARTMSG 2221:0 @!@!@
  |||line 531, col 73 to line 531, col 84 of module ElasticStream: 148
@!@!@ENDMSG 2221 @!@!@
@!@!@STARTMSG 2221:0 @!@!@
  ||||line 530, col 40 to line 530, col 114 of module ElasticStream: 148
@!@!@ENDMSG 2221 @!@!@
@!@!@STARTMSG 2221:0 @!@!@
  |||||line 174, col 5 to line 175, col 69 of module ElasticStream: 148
@!@!@ENDMSG 2221 @!@!@
@!@!@STARTMSG 2221:0 @!@!@
  ||||||line 175, col 9 to line 175, col 69 of module ElasticStream: 4578
@!@!@ENDMSG 2221 @!@!@
@!@!@STARTMSG 2221:0 @!@!@
  |||||||line 164, col 5 to line 167, col 67 of module ElasticStream: 4578
@!@!@ENDMSG 2221 @!@!@
@!@!@STARTMSG 2221:0 @!@!@
  ||||||||line 164, col 8 to line 164, col 42 of module ElasticStream: 4578
@!@!@ENDMSG 2221 @!@!@
@!@!@STARTMSG 2221:0 @!@!@
  ||||||||line 165, col 8 to line 165, col 49 of module ElasticStream: 1322
@!@!@ENDMSG 2221 @!@!@
@!@!@STARTMSG 2221:0 @!@!@
  ||||||||line 166, col 8 to line 166, col 64 of module ElasticStream: 148
@!@!@ENDMSG 2221 @!@!@
@!@!@STARTMSG 2221:0 @!@!@
  ||||||||line 167, col 8 to line 167, col 67 of module ElasticStream: 148
@!@!@ENDMSG 2221 @!@!@
@!@!@STARTMSG 2221:0 @!@!@
  |||||||line 175, col 23 to line 175, col 30 of module ElasticStream: 4578
@!@!@ENDMSG 2221 @!@!@
@!@!@STARTMSG 2775:0 @!@!@
  ||||||line 174, col 25 to line 174, col 40 of module ElasticStream: 148:28
@!@!@ENDMSG 2775 @!@!@
@!@!@STARTMSG 2221:0 @!@!@
  |||||||line 174, col 32 to line 174, col 40 of module ElasticStream: 148
@!@!@ENDMSG 2221 @!@!@
@!@!@STARTMSG 2221:0 @!@!@
  |||||line 530, col 55 to line 530, col 95 of module ElasticStream: 148
@!@!@ENDMSG 2221 @!@!@
@!@!@STARTMSG 2221:0 @!@!@
  |||||line 530, col 98 to line 530, col 113 of module ElasticStream: 148
@!@!@ENDMSG 2221 @!@!@
@!@!@STARTMSG 2221:0 @!@!@
  line 537, col 32 to line 537, col 59 of module ElasticStream: 148
@!@!@ENDMSG 2221 @!@!@
@!@!@STARTMSG 2221:0 @!@!@
  line 538, col 24 to line 545, col 88 of module ElasticStream: 148
@!@!@ENDMSG 2221 @!@!@
@!@!@STARTMSG 2221:0 @!@!@
  |line 538, col 35 to line 545, col 88 of module ElasticStream: 148
@!@!@ENDMSG 2221 @!@!@
@!@!@STARTMSG 2221:0 @!@!@
  ||line 538, col 36 to line 538, col 42 of module ElasticStream: 148
@!@!@ENDMSG 2221 @!@!@
@!@!@STARTMSG 2221:0 @!@!@
  ||line 538, col 51 to line 545, col 87 of module ElasticStream: 148
@!@!@ENDMSG 2221 @!@!@
@!@!@STARTMSG 2221:0 @!@!@
  ||line 539, col 41 to line 545, col 87 of module ElasticStream: 148
@!@!@ENDMSG 2221 @!@!@
@!@!@STARTMSG 2221:0 @!@!@
  |||line 539, col 42 to line 539, col 42 of module ElasticStream: 148
@!@!@ENDMSG 2221 @!@!@
@!@!@STARTMSG 2221:0 @!@!@
  |||line 539, col 51 to line 539, col 101 of module ElasticStream: 148
@!@!@ENDMSG 2221 @!@!@
@!@!@STARTMSG 2775:0 @!@!@
  |||line 540, col 69 to line 543, col 92 of module ElasticStream: 148:148
@!@!@ENDMSG 2775 @!@!@
@!@!@STARTMSG 2221:0 @!@!@
  ||||line 540, col 77 to line 540, col 94 of module ElasticStream: 148
@!@!@ENDMSG 2221 @!@!@
@!@!@STARTMSG 2221:0 @!@!@
  |||line 544, col 66 to line 544, col 79 of module ElasticStream: 148
@!@!@ENDMSG 2221 @!@!@
@!@!@STARTMSG 2221:0 @!@!@
  ||||line 531, col 40 to line 531, col 85 of module ElasticStream: 148
@!@!@ENDMSG 2221 @!@!@
@!@!@STARTMSG 2221:0 @!@!@
  |||||line 512, col 5 to line 518, col 65 of module ElasticStream: 148
@!@!@ENDMSG 2221 @!@!@
@!@!@STARTMSG 2221:0 @!@!@
  ||||||line 512, col 8 to line 512, col 52 of module ElasticStream: 148
@!@!@ENDMSG 2221 @!@!@
@!@!@STARTMSG 2775:0 @!@!@
  ||||||line 513, col 10 to line 515, col 67 of module ElasticStream: 148:148
@!@!@ENDMSG 2775 @!@!@
@!@!@STARTMSG 2221:0 @!@!@
  |||||||line 513, col 21 to line 513, col 35 of module ElasticStream: 148
@!@!@ENDMSG 2221 @!@!@
@!@!@STARTMSG 2221:0 @!@!@
  |||||line 531, col 57 to line 531, col 70 of module ElasticStream: 148
@!@!@ENDMSG 2221 @!@!@
@!@!@STARTMSG 2221:0 @!@!@
  |||||line 531, col 73 to line 531, col 84 of module ElasticStream: 148
@!@!@ENDMSG 2221 @!@!@
@!@!@STARTMSG 2221:0 @!@!@
  ||||||line 530, col 40 to line 530, col 114 of module ElasticStream: 148
@!@!@ENDMSG 2221 @!@!@
@!@!@STARTMSG 2221:0 @!@!@
  |||||||line 174, col 5 to line 175, col 69 of module ElasticStream: 148
@!@!@ENDMSG 2221 @!@!@
@!@!@STARTMSG 2221:0 @!@!@
  ||||||||line 175, col 9 to line 175, col 69 of module ElasticStream: 4578
@!@!@ENDMSG 2221 @!@!@
@!@!@STARTMSG 2221:0 @!@!@
  |||||||||line 164, col 5 to line 167, col 67 of module ElasticStream: 4578
@!@!@ENDMSG 2221 @!@!@
@!@!@STARTMSG 2221:0 @!@!@
  ||||||||||line 164, col 8 to line 164, col 42 of module ElasticStream: 4578
@!@!@ENDMSG 2221 @!@!@
@!@!@STARTMSG 2221:0 @!@!@
  ||||||||||line 165, col 8 to line 165, col 49 of module ElasticStream: 1322
@!@!@ENDMSG 2221 @!@!@
@!@!@STARTMSG 2221:0 @!@!@
  ||||||||||line 166, col 8 to line 166, col 64 of module ElasticStream: 148
@!@!@ENDMSG 2221 @!@!@
@!@!@STARTMSG 2221:0 @!@!@
  ||||||||||line 167, col 8 to line 167, col 67 of module ElasticStream: 148
@!@!@ENDMSG 2221 @!@!@
@!@!@STARTMSG 2221:0 @!@!@
  |||||||||line 175, col 23 to line 175, col 30 of module ElasticStream: 4578
@!@!@ENDMSG 2221 @!@!@
@!@!@STARTMSG 2221:0 @!@!@
  ||||||||line 174, col 25 to line 174, col 40 of module ElasticStream: 148
@!@!@ENDMSG 2221 @!@!@
@!@!@STARTMSG 2221:0 @!@!@
  |||||||line 530, col 55 to line 530, col 95 of module ElasticStream: 148
@!@!@ENDMSG 2221 @!@!@
@!@!@STARTMSG 2221:0 @!@!@
  |||||||line 530, col 98 to line 530, col 113 of module ElasticStream: 148
@!@!@ENDMSG 2221 @!@!@
@!@!@STARTMSG 2221:0 @!@!@
  |||line 545, col 67 to line 545, col 86 of module ElasticStream: 148
@!@!@ENDMSG 2221 @!@!@
@!@!@STARTMSG 2221:0 @!@!@
  ||||line 190, col 3 to line 190, col 11 of module SequencesExt: 148
@!@!@ENDMSG 2221 @!@!@
@!@!@STARTMSG 2221:0 @!@!@
  ||||line 545, col 72 to line 545, col 85 of module ElasticStream: 148
@!@!@ENDMSG 2221 @!@!@
@!@!@STARTMSG 2221:0 @!@!@
  |||||line 531, col 40 to line 531, col 85 of module ElasticStream: 148
@!@!@ENDMSG 2221 @!@!@
@!@!@STARTMSG 2221:0 @!@!@
  ||||||line 512, col 5 to line 518, col 65 of module ElasticStream: 148
@!@!@ENDMSG 2221 @!@!@
@!@!@STARTMSG 2221:0 @!@!@
  |||||||line 512, col 8 to line 512, col 52 of module ElasticStream: 148
@!@!@ENDMSG 2221 @!@!@
@!@!@STARTMSG 2775:0 @!@!@
  |||||||line 513, col 10 to line 515, col 67 of module ElasticStream: 148:148
@!@!@ENDMSG 2775 @!@!@
@!@!@STARTMSG 2221:0 @!@!@
  ||||||||line 513, col 21 to line 513, col 35 of module ElasticStream: 148
@!@!@ENDMSG 2221 @!@!@
@!@!@STARTMSG 2221:0 @!@!@
  ||||||line 531, col 57 to line 531, col 70 of module ElasticStream: 148
@!@!@ENDMSG 2221 @!@!@
@!@!@STARTMSG 2221:0 @!@!@
  ||||||line 531, col 73 to line 531, col 84 of module ElasticStream: 148
@!@!@ENDMSG 2221 @!@!@
@!@!@STARTMSG 2221:0 @!@!@
  |||||||line 530, col 40 to line 530, col 114 of module ElasticStream: 148
@!@!@ENDMSG 2221 @!@!@
@!@!@STARTMSG 2221:0 @!@!@
  ||||||||line 174, col 5 to line 175, col 69 of module ElasticStream: 148
@!@!@ENDMSG 2221 @!@!@
@!@!@STARTMSG 2221:0 @!@!@
  |||||||||line 175, col 9 to line 175, col 69 of module ElasticStream: 4578
@!@!@ENDMSG 2221 @!@!@
@!@!@STARTMSG 2221:0 @!@!@
  ||||||||||line 164, col 5 to line 167, col 67 of module ElasticStream: 4578
@!@!@ENDMSG 2221 @!@!@
@!@!@STARTMSG 2221:0 @!@!@
  |||||||||||line 164, col 8 to line 164, col 42 of module ElasticStream: 4578
@!@!@ENDMSG 2221 @!@!@
@!@!@STARTMSG 2221:0 @!@!@
  |||||||||||line 165, col 8 to line 165, col 49 of module ElasticStream: 1322
@!@!@ENDMSG 2221 @!@!@
@!@!@STARTMSG 2221:0 @!@!@
  |||||||||||line 166, col 8 to line 166, col 64 of module ElasticStream: 148
@!@!@ENDMSG 2221 @!@!@
@!@!@STARTMSG 2221:0 @!@!@
  |||||||||||line 167, col 8 to line 167, col 67 of module ElasticStream: 148
@!@!@ENDMSG 2221 @!@!@
@!@!@STARTMSG 2221:0 @!@!@
  ||||||||||line 175, col 23 to line 175, col 30 of module ElasticStream: 4578
@!@!@ENDMSG 2221 @!@!@
@!@!@STARTMSG 2775:0 @!@!@
  |||||||||line 174, col 25 to line 174, col 40 of module ElasticStream: 148:19
@!@!@ENDMSG 2775 @!@!@
@!@!@STARTMSG 2221:0 @!@!@
  ||||||||||line 174, col 32 to line 174, col 40 of module ElasticStream: 148
@!@!@ENDMSG 2221 @!@!@
@!@!@STARTMSG 2221:0 @!@!@
  ||||||||line 530, col 55 to line 530, col 95 of module ElasticStream: 148
@!@!@ENDMSG 2221 @!@!@
@!@!@STARTMSG 2221:0 @!@!@
  ||||||||line 530, col 98 to line 530, col 113 of module ElasticStream: 148
@!@!@ENDMSG 2221 @!@!@
@!@!@STARTMSG 2221:0 @!@!@
  line 56, col 5 to line 62, col 60 of module MessagePassing: 148
@!@!@ENDMSG 2221 @!@!@
@!@!@STARTMSG 2775:0 @!@!@
  |line 56, col 17 to line 62, col 60 of module MessagePassing: 148:444
@!@!@ENDMSG 2775 @!@!@
@!@!@STARTMSG 2221:0 @!@!@
  ||line 56, col 24 to line 56, col 38 of module MessagePassing: 148
@!@!@ENDMSG 2221 @!@!@
@!@!@STARTMSG 2221:0 @!@!@
  line 546, col 42 to line 546, col 45 of module ElasticStream: 148
@!@!@ENDMSG 2221 @!@!@
@!@!@STARTMSG 2221:0 @!@!@
  line 546, col 48 to line 546, col 63 of module ElasticStream: 148
@!@!@ENDMSG 2221 @!@!@
@!@!@STARTMSG 2775:0 @!@!@
  line 524, col 32 to line 524, col 60 of module ElasticStream: 20:400
@!@!@ENDMSG 2775 @!@!@
@!@!@STARTMSG 2221:0 @!@!@
  |line 524, col 39 to line 524, col 60 of module ElasticStream: 20
@!@!@ENDMSG 2221 @!@!@
@!@!@STARTMSG 2221:0 @!@!@
  line 551, col 23 to line 551, col 34 of module ElasticStream: 27
@!@!@ENDMSG 2221 @!@!@
@!@!@STARTMSG 2221:0 @!@!@
  line 551, col 37 to line 551, col 41 of module ElasticStream: 20
@!@!@ENDMSG 2221 @!@!@
@!@!@STARTMSG 2221:0 @!@!@
  line 552, col 8 to line 552, col 72 of module ElasticStream: 148
@!@!@ENDMSG 2221 @!@!@
@!@!@STARTMSG 2772:0 @!@!@
<ClientResendsPendingAddOp line 607, col 1 to line 607, col 30 of module ElasticStream>: 26:26
@!@!@ENDMSG 2772 @!@!@
@!@!@STARTMSG 2221:0 @!@!@
  line 608, col 8 to line 608, col 40 of module ElasticStream: 97
@!@!@ENDMSG 2221 @!@!@
@!@!@STARTMSG 2221:0 @!@!@
  |line 608, col 8 to line 608, col 26 of module ElasticStream: 90
@!@!@ENDMSG 2221 @!@!@
@!@!@STARTMSG 2221:0 @!@!@
  |line 608, col 30 to line 608, col 40 of module ElasticStream: 90
@!@!@ENDMSG 2221 @!@!@
@!@!@STARTMSG 2221:0 @!@!@
  line 576, col 8 to line 576, col 35 of module ElasticStream: 26
@!@!@ENDMSG 2221 @!@!@
@!@!@STARTMSG 2221:0 @!@!@
  line 577, col 8 to line 577, col 41 of module ElasticStream: 33
@!@!@ENDMSG 2221 @!@!@
@!@!@STARTMSG 2221:0 @!@!@
  |line 577, col 8 to line 577, col 18 of module ElasticStream: 26
@!@!@ENDMSG 2221 @!@!@
@!@!@STARTMSG 2221:0 @!@!@
  |line 577, col 22 to line 577, col 41 of module ElasticStream: 26
@!@!@ENDMSG 2221 @!@!@
@!@!@STARTMSG 2221:0 @!@!@
  line 593, col 24 to line 593, col 25 of module ElasticStream: 26
@!@!@ENDMSG 2221 @!@!@
@!@!@STARTMSG 2221:0 @!@!@
  line 593, col 28 to line 593, col 40 of module ElasticStream: 26
@!@!@ENDMSG 2221 @!@!@
@!@!@STARTMSG 2221:0 @!@!@
  line 594, col 12 to line 597, col 41 of module ElasticStream: 14
@!@!@ENDMSG 2221 @!@!@
@!@!@STARTMSG 2221:0 @!@!@
  |line 594, col 13 to line 597, col 41 of module ElasticStream: 7
@!@!@ENDMSG 2221 @!@!@
@!@!@STARTMSG 2221:0 @!@!@
  line 86, col 26 to line 86, col 51 of module MessagePassing: 24
@!@!@ENDMSG 2221 @!@!@
@!@!@STARTMSG 2221:0 @!@!@
  |line 86, col 26 to line 86, col 28 of module MessagePassing: 12
@!@!@ENDMSG 2221 @!@!@
@!@!@STARTMSG 2221:0 @!@!@
  |line 86, col 37 to line 86, col 51 of module MessagePassing: 12
@!@!@ENDMSG 2221 @!@!@
@!@!@STARTMSG 2221:0 @!@!@
  line 86, col 19 to line 86, col 22 of module MessagePassing: 7
@!@!@ENDMSG 2221 @!@!@
@!@!@STARTMSG 2221:0 @!@!@
  line 94, col 20 to line 94, col 55 of module MessagePassing: 26
@!@!@ENDMSG 2221 @!@!@
@!@!@STARTMSG 2221:0 @!@!@
  |line 94, col 32 to line 94, col 55 of module MessagePassing: 26
@!@!@ENDMSG 2221 @!@!@
@!@!@STARTMSG 2221:0 @!@!@
  ||line 94, col 32 to line 94, col 39 of module MessagePassing: 26
@!@!@ENDMSG 2221 @!@!@
@!@!@STARTMSG 2221:0 @!@!@
  ||line 94, col 44 to line 94, col 55 of module MessagePassing: 26
@!@!@ENDMSG 2221 @!@!@
@!@!@STARTMSG 2775:0 @!@!@
  |||line 93, col 37 to line 93, col 74 of module MessagePassing: 26:54
@!@!@ENDMSG 2775 @!@!@
@!@!@STARTMSG 2221:0 @!@!@
  ||||line 93, col 44 to line 93, col 47 of module MessagePassing: 26
@!@!@ENDMSG 2221 @!@!@
@!@!@STARTMSG 2221:0 @!@!@
  line 92, col 27 to line 92, col 45 of module MessagePassing: 7
@!@!@ENDMSG 2221 @!@!@
@!@!@STARTMSG 2775:0 @!@!@
  |line 87, col 35 to line 90, col 35 of module MessagePassing: 7:183
@!@!@ENDMSG 2775 @!@!@
@!@!@STARTMSG 2221:0 @!@!@
  ||line 88, col 41 to line 89, col 86 of module MessagePassing: 124
@!@!@ENDMSG 2221 @!@!@
@!@!@STARTMSG 2221:0 @!@!@
  |||line 88, col 44 to line 88, col 77 of module MessagePassing: 124
@!@!@ENDMSG 2221 @!@!@
@!@!@STARTMSG 2221:0 @!@!@
  |||line 89, col 44 to line 89, col 86 of module MessagePassing: 44
@!@!@ENDMSG 2221 @!@!@
@!@!@STARTMSG 2221:0 @!@!@
  ||||line 89, col 62 to line 89, col 86 of module MessagePassing: 87
@!@!@ENDMSG 2221 @!@!@
@!@!@STARTMSG 2221:0 @!@!@
  |||||line 89, col 76 to line 89, col 86 of module MessagePassing: 159
@!@!@ENDMSG 2221 @!@!@
@!@!@STARTMSG 2221:0 @!@!@
  |||||line 89, col 72 to line 89, col 72 of module MessagePassing: 87
@!@!@ENDMSG 2221 @!@!@
@!@!@STARTMSG 2221:0 @!@!@
  ||||line 89, col 55 to line 89, col 58 of module MessagePassing: 44
@!@!@ENDMSG 2221 @!@!@
@!@!@STARTMSG 2775:0 @!@!@
  ||line 87, col 43 to line 87, col 66 of module MessagePassing: 7:336
@!@!@ENDMSG 2775 @!@!@
@!@!@STARTMSG 2775:0 @!@!@
  |||line 87, col 51 to line 87, col 65 of module MessagePassing: 7:72
@!@!@ENDMSG 2775 @!@!@
@!@!@STARTMSG 2221:0 @!@!@
  ||||line 87, col 51 to line 87, col 54 of module MessagePassing: 7
@!@!@ENDMSG 2221 @!@!@
@!@!@STARTMSG 2775:0 @!@!@
  ||||line 87, col 59 to line 87, col 65 of module MessagePassing: 7:43
@!@!@ENDMSG 2775 @!@!@
@!@!@STARTMSG 2221:0 @!@!@
  |||||line 87, col 60 to line 87, col 61 of module MessagePassing: 7
@!@!@ENDMSG 2221 @!@!@
@!@!@STARTMSG 2221:0 @!@!@
  line 600, col 41 to line 603, col 72 of module ElasticStream: 7
@!@!@ENDMSG 2221 @!@!@
@!@!@STARTMSG 2775:0 @!@!@
  |line 249, col 5 to line 255, col 48 of module ElasticStream: 7:249
@!@!@ENDMSG 2775 @!@!@
@!@!@STARTMSG 2221:0 @!@!@
  ||line 249, col 7 to line 255, col 29 of module ElasticStream: 12
@!@!@ENDMSG 2221 @!@!@
@!@!@STARTMSG 2221:0 @!@!@
  ||line 255, col 39 to line 255, col 46 of module ElasticStream: 7
@!@!@ENDMSG 2221 @!@!@
@!@!@STARTMSG 2221:0 @!@!@
  |line 601, col 61 to line 601, col 68 of module ElasticStream: 7
@!@!@ENDMSG 2221 @!@!@
@!@!@STARTMSG 2221:0 @!@!@
  |line 602, col 61 to line 602, col 73 of module ElasticStream: 7
@!@!@ENDMSG 2221 @!@!@
@!@!@STARTMSG 2221:0 @!@!@
  line 604, col 18 to line 605, col 85 of module ElasticStream: 26
@!@!@ENDMSG 2221 @!@!@
@!@!@STARTMSG 2221:0 @!@!@
  line 592, col 18 to line 592, col 34 of module ElasticStream: 44
@!@!@ENDMSG 2221 @!@!@
@!@!@STARTMSG 2221:0 @!@!@
  line 609, col 27 to line 609, col 38 of module ElasticStream: 44
@!@!@ENDMSG 2221 @!@!@
@!@!@STARTMSG 2221:0 @!@!@
  line 609, col 41 to line 609, col 45 of module ElasticStream: 7
@!@!@ENDMSG 2221 @!@!@
@!@!@STARTMSG 2221:0 @!@!@
  line 610, col 8 to line 610, col 45 of module ElasticStream: 26
@!@!@ENDMSG 2221 @!@!@
@!@!@STARTMSG 2772:0 @!@!@
<ClientStartsRecovery line 672, col 1 to line 672, col 25 of module ElasticStream>: 136:216
@!@!@ENDMSG 2772 @!@!@
@!@!@STARTMSG 2221:0 @!@!@
  line 673, col 8 to line 673, col 32 of module ElasticStream: 117
@!@!@ENDMSG 2221 @!@!@
@!@!@STARTMSG 2221:0 @!@!@
  |line 673, col 8 to line 673, col 26 of module ElasticStream: 90
@!@!@ENDMSG 2221 @!@!@
@!@!@STARTMSG 2221:0 @!@!@
  |line 673, col 30 to line 673, col 32 of module ElasticStream: 90
@!@!@ENDMSG 2221 @!@!@
@!@!@STARTMSG 2221:0 @!@!@
  line 674, col 8 to line 674, col 54 of module ElasticStream: 56
@!@!@ENDMSG 2221 @!@!@
@!@!@STARTMSG 2221:0 @!@!@
  |line 674, col 8 to line 674, col 16 of module ElasticStream: 29
@!@!@ENDMSG 2221 @!@!@
@!@!@STARTMSG 2221:0 @!@!@
  |line 674, col 22 to line 674, col 54 of module ElasticStream: 29
@!@!@ENDMSG 2221 @!@!@
@!@!@STARTMSG 2221:0 @!@!@
  line 675, col 8 to line 675, col 38 of module ElasticStream: 27
@!@!@ENDMSG 2221 @!@!@
@!@!@STARTMSG 2221:0 @!@!@
  line 676, col 8 to line 676, col 35 of module ElasticStream: 27
@!@!@ENDMSG 2221 @!@!@
@!@!@STARTMSG 2221:0 @!@!@
  line 677, col 8 to line 677, col 31 of module ElasticStream: 27
@!@!@ENDMSG 2221 @!@!@
@!@!@STARTMSG 2221:0 @!@!@
  line 678, col 8 to line 684, col 86 of module ElasticStream: 27
@!@!@ENDMSG 2221 @!@!@
@!@!@STARTMSG 2221:0 @!@!@
  line 86, col 26 to line 86, col 51 of module MessagePassing: 162
@!@!@ENDMSG 2221 @!@!@
@!@!@STARTMSG 2221:0 @!@!@
  |line 86, col 26 to line 86, col 28 of module MessagePassing: 81
@!@!@ENDMSG 2221 @!@!@
@!@!@STARTMSG 2221:0 @!@!@
  |line 86, col 37 to line 86, col 51 of module MessagePassing: 81
@!@!@ENDMSG 2221 @!@!@
@!@!@STARTMSG 2221:0 @!@!@
  line 86, col 19 to line 86, col 22 of module MessagePassing: 27
@!@!@ENDMSG 2221 @!@!@
@!@!@STARTMSG 2221:0 @!@!@
  line 94, col 20 to line 94, col 55 of module MessagePassing: 216
@!@!@ENDMSG 2221 @!@!@
@!@!@STARTMSG 2221:0 @!@!@
  |line 94, col 32 to line 94, col 55 of module MessagePassing: 216
@!@!@ENDMSG 2221 @!@!@
@!@!@STARTMSG 2221:0 @!@!@
  ||line 94, col 32 to line 94, col 39 of module MessagePassing: 216
@!@!@ENDMSG 2221 @!@!@
@!@!@STARTMSG 2221:0 @!@!@
  ||line 94, col 44 to line 94, col 55 of module MessagePassing: 216
@!@!@ENDMSG 2221 @!@!@
@!@!@STARTMSG 2775:0 @!@!@
  |||line 93, col 37 to line 93, col 74 of module MessagePassing: 216:648
@!@!@ENDMSG 2775 @!@!@
@!@!@STARTMSG 2221:0 @!@!@
  ||||line 93, col 44 to line 93, col 47 of module MessagePassing: 216
@!@!@ENDMSG 2221 @!@!@
@!@!@STARTMSG 2221:0 @!@!@
  line 92, col 27 to line 92, col 45 of module MessagePassing: 27
@!@!@ENDMSG 2221 @!@!@
@!@!@STARTMSG 2775:0 @!@!@
  |line 87, col 35 to line 90, col 35 of module MessagePassing: 27:2187
@!@!@ENDMSG 2775 @!@!@
@!@!@STARTMSG 2221:0 @!@!@
  ||line 88, col 41 to line 89, col 86 of module MessagePassing: 1728
@!@!@ENDMSG 2221 @!@!@
@!@!@STARTMSG 2221:0 @!@!@
  |||line 88, col 44 to line 88, col 77 of module MessagePassing: 1728
@!@!@ENDMSG 2221 @!@!@
@!@!@STARTMSG 2221:0 @!@!@
  |||line 89, col 44 to line 89, col 86 of module MessagePassing: 540
@!@!@ENDMSG 2221 @!@!@
@!@!@STARTMSG 2221:0 @!@!@
  ||||line 89, col 62 to line 89, col 86 of module MessagePassing: 1296
@!@!@ENDMSG 2221 @!@!@
@!@!@STARTMSG 2221:0 @!@!@
  |||||line 89, col 76 to line 89, col 86 of module MessagePassing: 2754
@!@!@ENDMSG 2221 @!@!@
@!@!@STARTMSG 2221:0 @!@!@
  |||||line 89, col 72 to line 89, col 72 of module MessagePassing: 1296
@!@!@ENDMSG 2221 @!@!@
@!@!@STARTMSG 2221:0 @!@!@
  ||||line 89, col 55 to line 89, col 58 of module MessagePassing: 540
@!@!@ENDMSG 2221 @!@!@
@!@!@STARTMSG 2775:0 @!@!@
  ||line 87, col 43 to line 87, col 66 of module MessagePassing: 27:5346
@!@!@ENDMSG 2775 @!@!@
@!@!@STARTMSG 2775:0 @!@!@
  |||line 87, col 51 to line 87, col 65 of module MessagePassing: 27:486
@!@!@ENDMSG 2775 @!@!@
@!@!@STARTMSG 2221:0 @!@!@
  ||||line 87, col 51 to line 87, col 54 of module MessagePassing: 27
@!@!@ENDMSG 2221 @!@!@
@!@!@STARTMSG 2775:0 @!@!@
  ||||line 87, col 59 to line 87, col 65 of module MessagePassing: 27:270
@!@!@ENDMSG 2775 @!@!@
@!@!@STARTMSG 2221:0 @!@!@
  |||||line 87, col 60 to line 87, col 61 of module MessagePassing: 27
@!@!@ENDMSG 2221 @!@!@
@!@!@STARTMSG 2221:0 @!@!@
  line 685, col 31 to line 685, col 94 of module ElasticStream: 27
@!@!@ENDMSG 2221 @!@!@
@!@!@STARTMSG 2775:0 @!@!@
  |line 668, col 5 to line 670, col 49 of module ElasticStream: 27:2916
@!@!@ENDMSG 2775 @!@!@
@!@!@STARTMSG 2221:0 @!@!@
  ||line 668, col 7 to line 670, col 23 of module ElasticStream: 81
@!@!@ENDMSG 2221 @!@!@
@!@!@STARTMSG 2221:0 @!@!@
  ||line 670, col 40 to line 670, col 47 of module ElasticStream: 27
@!@!@ENDMSG 2221 @!@!@
@!@!@STARTMSG 2221:0 @!@!@
  |line 685, col 56 to line 685, col 67 of module ElasticStream: 27
@!@!@ENDMSG 2221 @!@!@
@!@!@STARTMSG 2221:0 @!@!@
  |line 685, col 70 to line 685, col 93 of module ElasticStream: 27
@!@!@ENDMSG 2221 @!@!@
@!@!@STARTMSG 2221:0 @!@!@
  line 686, col 8 to line 686, col 62 of module ElasticStream: 216
@!@!@ENDMSG 2221 @!@!@
@!@!@STARTMSG 2772:0 @!@!@
<DataNodeSendsFencingReadLacResponse line 712, col 1 to line 712, col 35 of module ElasticStream>: 48:48
@!@!@ENDMSG 2772 @!@!@
@!@!@STARTMSG 2221:0 @!@!@
  line 118, col 8 to line 118, col 30 of module MessagePassing: 153
@!@!@ENDMSG 2221 @!@!@
@!@!@STARTMSG 2221:0 @!@!@
  |line 118, col 8 to line 118, col 15 of module MessagePassing: 129
@!@!@ENDMSG 2221 @!@!@
@!@!@STARTMSG 2221:0 @!@!@
  |line 118, col 19 to line 118, col 30 of module MessagePassing: 129
@!@!@ENDMSG 2221 @!@!@
@!@!@STARTMSG 2221:0 @!@!@
  line 119, col 8 to line 119, col 21 of module MessagePassing: 24
@!@!@ENDMSG 2221 @!@!@
@!@!@STARTMSG 2221:0 @!@!@
  |line 119, col 8 to line 119, col 16 of module MessagePassing: 51
@!@!@ENDMSG 2221 @!@!@
@!@!@STARTMSG 2221:0 @!@!@
  line 714, col 36 to line 714, col 43 of module ElasticStream: 51
@!@!@ENDMSG 2221 @!@!@
@!@!@STARTMSG 2221:0 @!@!@
  line 714, col 46 to line 714, col 48 of module ElasticStream: 129
@!@!@ENDMSG 2221 @!@!@
@!@!@STARTMSG 2221:0 @!@!@
  line 714, col 51 to line 714, col 69 of module ElasticStream: 129
@!@!@ENDMSG 2221 @!@!@
@!@!@STARTMSG 2221:0 @!@!@
  line 715, col 12 to line 715, col 63 of module ElasticStream: 24
@!@!@ENDMSG 2221 @!@!@
@!@!@STARTMSG 2221:0 @!@!@
  line 716, col 15 to line 716, col 54 of module ElasticStream: 24
@!@!@ENDMSG 2221 @!@!@
@!@!@STARTMSG 2221:0 @!@!@
  line 108, col 12 to line 108, col 95 of module MessagePassing: 0
@!@!@ENDMSG 2221 @!@!@
@!@!@STARTMSG 2221:0 @!@!@
  line 104, col 8 to line 104, col 39 of module MessagePassing: 48
@!@!@ENDMSG 2221 @!@!@
@!@!@STARTMSG 2221:0 @!@!@
  |line 104, col 8 to line 104, col 19 of module MessagePassing: 24
@!@!@ENDMSG 2221 @!@!@
@!@!@STARTMSG 2221:0 @!@!@
  |line 104, col 25 to line 104, col 39 of module MessagePassing: 24
@!@!@ENDMSG 2221 @!@!@
@!@!@STARTMSG 2221:0 @!@!@
  line 105, col 8 to line 105, col 38 of module MessagePassing: 48
@!@!@ENDMSG 2221 @!@!@
@!@!@STARTMSG 2221:0 @!@!@
  |line 105, col 8 to line 105, col 15 of module MessagePassing: 24
@!@!@ENDMSG 2221 @!@!@
@!@!@STARTMSG 2221:0 @!@!@
  |line 105, col 24 to line 105, col 38 of module MessagePassing: 24
@!@!@ENDMSG 2221 @!@!@
@!@!@STARTMSG 2221:0 @!@!@
  line 106, col 8 to line 106, col 34 of module MessagePassing: 24
@!@!@ENDMSG 2221 @!@!@
@!@!@STARTMSG 2221:0 @!@!@
  line 108, col 9 to line 108, col 95 of module MessagePassing: 48
@!@!@ENDMSG 2221 @!@!@
@!@!@STARTMSG 2775:0 @!@!@
  line 107, col 31 to line 107, col 37 of module MessagePassing: 24:72
@!@!@ENDMSG 2775 @!@!@
@!@!@STARTMSG 2221:0 @!@!@
  |line 107, col 32 to line 107, col 33 of module MessagePassing: 24
@!@!@ENDMSG 2221 @!@!@
@!@!@STARTMSG 2221:0 @!@!@
  line 718, col 45 to line 718, col 47 of module ElasticStream: 24
@!@!@ENDMSG 2221 @!@!@
@!@!@STARTMSG 2221:0 @!@!@
  line 718, col 50 to line 718, col 89 of module ElasticStream: 24
@!@!@ENDMSG 2221 @!@!@
@!@!@STARTMSG 2221:0 @!@!@
  line 719, col 12 to line 719, col 54 of module ElasticStream: 48
@!@!@ENDMSG 2221 @!@!@
@!@!@STARTMSG 2221:0 @!@!@
  line 713, col 16 to line 713, col 30 of module ElasticStream: 49
@!@!@ENDMSG 2221 @!@!@
@!@!@STARTMSG 2772:0 @!@!@
<ClientReceivesFencingReadLacResponse line 789, col 1 to line 789, col 41 of module ElasticStream (791 8 803 53)>: 0:0
@!@!@ENDMSG 2772 @!@!@
@!@!@STARTMSG 2221:0 @!@!@
  line 791, col 11 to line 791, col 41 of module ElasticStream: 88
@!@!@ENDMSG 2221 @!@!@
@!@!@STARTMSG 2221:0 @!@!@
  line 793, col 16 to line 793, col 28 of module ElasticStream: 54
@!@!@ENDMSG 2221 @!@!@
@!@!@STARTMSG 2221:0 @!@!@
  line 794, col 16 to line 794, col 75 of module ElasticStream: 51
@!@!@ENDMSG 2221 @!@!@
@!@!@STARTMSG 2221:0 @!@!@
  line 798, col 21 to line 801, col 82 of module ElasticStream: 0
@!@!@ENDMSG 2221 @!@!@
@!@!@STARTMSG 2221:0 @!@!@
  line 114, col 8 to line 114, col 51 of module MessagePassing: 0
@!@!@ENDMSG 2221 @!@!@
@!@!@STARTMSG 2221:0 @!@!@
  line 803, col 16 to line 803, col 53 of module ElasticStream: 0
@!@!@ENDMSG 2221 @!@!@
@!@!@STARTMSG 2221:0 @!@!@
  line 792, col 22 to line 792, col 36 of module ElasticStream: 17
@!@!@ENDMSG 2221 @!@!@
@!@!@STARTMSG 2772:0 @!@!@
<DataNodeSendsReadResponse line 876, col 1 to line 876, col 25 of module ElasticStream>: 0:0
@!@!@ENDMSG 2772 @!@!@
@!@!@STARTMSG 2221:0 @!@!@
  line 878, col 12 to line 878, col 69 of module ElasticStream: 129
@!@!@ENDMSG 2221 @!@!@
@!@!@STARTMSG 2221:0 @!@!@
  line 108, col 12 to line 108, col 95 of module MessagePassing: 0
@!@!@ENDMSG 2221 @!@!@
@!@!@STARTMSG 2221:0 @!@!@
  line 883, col 12 to line 883, col 54 of module ElasticStream: 0
@!@!@ENDMSG 2221 @!@!@
@!@!@STARTMSG 2221:0 @!@!@
  line 877, col 16 to line 877, col 30 of module ElasticStream: 49
@!@!@ENDMSG 2221 @!@!@
@!@!@STARTMSG 2774:0 @!@!@
<TypeOK line 1090, col 1 to line 1090, col 6 of module ElasticStream>
@!@!@ENDMSG 2774 @!@!@
@!@!@STARTMSG 2221:0 @!@!@
  line 1091, col 5 to line 1096, col 48 of module ElasticStream: 379
@!@!@ENDMSG 2221 @!@!@
@!@!@STARTMSG 2774:0 @!@!@
<AllAckedEntriesAreReadable line 1123, col 1 to line 1123, col 26 of module ElasticStream>
@!@!@ENDMSG 2774 @!@!@
@!@!@STARTMSG 2221:0 @!@!@
  line 1124, col 5 to line 1131, col 17 of module ElasticStream: 379
@!@!@ENDMSG 2221 @!@!@
@!@!@STARTMSG 2221:0 @!@!@
  |line 1125, col 9 to line 1131, col 17 of module ElasticStream: 758
@!@!@ENDMSG 2221 @!@!@
@!@!@STARTMSG 2221:0 @!@!@
  ||line 1125, col 12 to line 1126, col 34 of module ElasticStream: 758
@!@!@ENDMSG 2221 @!@!@
@!@!@STARTMSG 2221:0 @!@!@
  |||line 1125, col 15 to line 1125, col 66 of module ElasticStream: 758
@!@!@ENDMSG 2221 @!@!@
@!@!@STARTMSG 2221:0 @!@!@
  |||line 1126, col 15 to line 1126, col 34 of module ElasticStream: 378
@!@!@ENDMSG 2221 @!@!@
@!@!@STARTMSG 2221:0 @!@!@
  ||line 1131, col 14 to line 1131, col 17 of module ElasticStream: 758
@!@!@ENDMSG 2221 @!@!@
@!@!@STARTMSG 2221:0 @!@!@
  |line 1124, col 16 to line 1124, col 22 of module ElasticStream: 379
@!@!@ENDMSG 2221 @!@!@
@!@!@STARTMSG 2774:0 @!@!@
<NoDivergenceBetweenClientAndMetaData line 1109, col 1 to line 1109, col 36 of module ElasticStream>
@!@!@ENDMSG 2774 @!@!@
@!@!@STARTMSG 2221:0 @!@!@
  line 1110, col 5 to line 1115, col 67 of module ElasticStream: 379
@!@!@ENDMSG 2221 @!@!@
@!@!@STARTMSG 2774:0 @!@!@
<AllCommittedEntriesReachAckQuorum line 1166, col 1 to line 1166, col 33 of module ElasticStream>
@!@!@ENDMSG 2774 @!@!@
@!@!@STARTMSG 2221:0 @!@!@
  line 1167, col 5 to line 1173, col 18 of module ElasticStream: 379
@!@!@ENDMSG 2221 @!@!@
@!@!@STARTMSG 2774:0 @!@!@
<NoOutOfOrderEntries line 1186, col 1 to line 1186, col 19 of module ElasticStream>
@!@!@ENDMSG 2774 @!@!@
@!@!@STARTMSG 2221:0 @!@!@
  line 1187, col 5 to line 1189, col 33 of module ElasticStream: 379
@!@!@ENDMSG 2221 @!@!@
@!@!@STARTMSG 2221:0 @!@!@
  |line 1188, col 9 to line 1189, col 33 of module ElasticStream: 2274
@!@!@ENDMSG 2221 @!@!@
@!@!@STARTMSG 2221:0 @!@!@
  ||line 1189, col 13 to line 1189, col 33 of module ElasticStream: 48
@!@!@ENDMSG 2221 @!@!@
@!@!@STARTMSG 2221:0 @!@!@
  ||line 1188, col 22 to line 1188, col 33 of module ElasticStream: 2274
@!@!@ENDMSG 2221 @!@!@
@!@!@STARTMSG 2221:0 @!@!@
  |line 1187, col 14 to line 1187, col 22 of module ElasticStream: 379
@!@!@ENDMSG 2221 @!@!@
@!@!@STARTMSG 2202:0 @!@!@
End of statistics.
@!@!@ENDMSG 2202 @!@!@
@!@!@STARTMSG 2200:0 @!@!@
Progress(5) at 2023-05-22 11:23:25: 579 states generated (23,441 s/min), 379 distinct states found (15,344 ds/min), 336 states left on queue.
@!@!@ENDMSG 2200 @!@!@
@!@!@STARTMSG 2199:0 @!@!@
579 states generated, 379 distinct states found, 336 states left on queue.
@!@!@ENDMSG 2199 @!@!@
@!@!@STARTMSG 2194:0 @!@!@
The depth of the complete state graph search is 5.
@!@!@ENDMSG 2194 @!@!@
@!@!@STARTMSG 2186:0 @!@!@
Finished in 1493ms at (2023-05-22 11:23:25)
@!@!@ENDMSG 2186 @!@!@
